{"/Users/ayushawasthi/Developer/JS/json-viewer-extension/ui/app.js": {"path":"/Users/ayushawasthi/Developer/JS/json-viewer-extension/ui/app.js","statementMap":{"0":{"start":{"line":10,"column":14},"end":{"line":23,"column":1}},"1":{"start":{"line":28,"column":21},"end":{"line":28,"column":55}},"2":{"start":{"line":29,"column":4},"end":{"line":29,"column":76}},"3":{"start":{"line":30,"column":4},"end":{"line":30,"column":43}},"4":{"start":{"line":31,"column":4},"end":{"line":31,"column":24}},"5":{"start":{"line":32,"column":4},"end":{"line":32,"column":30}},"6":{"start":{"line":33,"column":4},"end":{"line":33,"column":32}},"7":{"start":{"line":34,"column":4},"end":{"line":34,"column":30}},"8":{"start":{"line":35,"column":4},"end":{"line":35,"column":24}},"9":{"start":{"line":36,"column":4},"end":{"line":36,"column":25}},"10":{"start":{"line":37,"column":4},"end":{"line":37,"column":26}},"11":{"start":{"line":38,"column":4},"end":{"line":38,"column":27}},"12":{"start":{"line":39,"column":4},"end":{"line":39,"column":27}},"13":{"start":{"line":40,"column":4},"end":{"line":40,"column":21}},"14":{"start":{"line":41,"column":4},"end":{"line":41,"column":26}},"15":{"start":{"line":42,"column":4},"end":{"line":42,"column":32}},"16":{"start":{"line":44,"column":4},"end":{"line":52,"column":7}},"17":{"start":{"line":45,"column":6},"end":{"line":45,"column":22}},"18":{"start":{"line":46,"column":6},"end":{"line":46,"column":29}},"19":{"start":{"line":47,"column":6},"end":{"line":51,"column":7}},"20":{"start":{"line":48,"column":8},"end":{"line":48,"column":31}},"21":{"start":{"line":50,"column":8},"end":{"line":50,"column":29}},"22":{"start":{"line":56,"column":4},"end":{"line":62,"column":5}},"23":{"start":{"line":57,"column":21},"end":{"line":57,"column":59}},"24":{"start":{"line":58,"column":6},"end":{"line":58,"column":43}},"25":{"start":{"line":59,"column":6},"end":{"line":59,"column":36}},"26":{"start":{"line":61,"column":6},"end":{"line":61,"column":31}},"27":{"start":{"line":66,"column":17},"end":{"line":66,"column":41}},"28":{"start":{"line":67,"column":4},"end":{"line":72,"column":5}},"29":{"start":{"line":68,"column":26},"end":{"line":68,"column":83}},"30":{"start":{"line":69,"column":6},"end":{"line":69,"column":70}},"31":{"start":{"line":71,"column":6},"end":{"line":71,"column":72}},"32":{"start":{"line":73,"column":4},"end":{"line":73,"column":24}},"33":{"start":{"line":78,"column":16},"end":{"line":78,"column":49}},"34":{"start":{"line":79,"column":4},"end":{"line":99,"column":6}},"35":{"start":{"line":101,"column":4},"end":{"line":101,"column":24}},"36":{"start":{"line":102,"column":4},"end":{"line":102,"column":24}},"37":{"start":{"line":103,"column":4},"end":{"line":103,"column":21}},"38":{"start":{"line":104,"column":4},"end":{"line":104,"column":20}},"39":{"start":{"line":108,"column":4},"end":{"line":155,"column":12}},"40":{"start":{"line":159,"column":4},"end":{"line":184,"column":14}},"41":{"start":{"line":188,"column":4},"end":{"line":210,"column":14}},"42":{"start":{"line":216,"column":4},"end":{"line":218,"column":7}},"43":{"start":{"line":217,"column":6},"end":{"line":217,"column":78}},"44":{"start":{"line":217,"column":42},"end":{"line":217,"column":76}},"45":{"start":{"line":221,"column":4},"end":{"line":234,"column":7}},"46":{"start":{"line":222,"column":6},"end":{"line":233,"column":9}},"47":{"start":{"line":223,"column":8},"end":{"line":223,"column":93}},"48":{"start":{"line":223,"column":63},"end":{"line":223,"column":91}},"49":{"start":{"line":224,"column":8},"end":{"line":224,"column":36}},"50":{"start":{"line":225,"column":8},"end":{"line":225,"column":44}},"51":{"start":{"line":226,"column":22},"end":{"line":226,"column":64}},"52":{"start":{"line":227,"column":8},"end":{"line":231,"column":28}},"53":{"start":{"line":232,"column":8},"end":{"line":232,"column":54}},"54":{"start":{"line":232,"column":25},"end":{"line":232,"column":54}},"55":{"start":{"line":237,"column":24},"end":{"line":237,"column":66}},"56":{"start":{"line":238,"column":4},"end":{"line":241,"column":7}},"57":{"start":{"line":239,"column":6},"end":{"line":239,"column":41}},"58":{"start":{"line":240,"column":6},"end":{"line":240,"column":84}},"59":{"start":{"line":240,"column":46},"end":{"line":240,"column":77}},"60":{"start":{"line":242,"column":4},"end":{"line":249,"column":7}},"61":{"start":{"line":243,"column":6},"end":{"line":248,"column":7}},"62":{"start":{"line":244,"column":26},"end":{"line":244,"column":70}},"63":{"start":{"line":245,"column":8},"end":{"line":247,"column":9}},"64":{"start":{"line":246,"column":10},"end":{"line":246,"column":47}},"65":{"start":{"line":252,"column":4},"end":{"line":257,"column":7}},"66":{"start":{"line":253,"column":6},"end":{"line":253,"column":49}},"67":{"start":{"line":254,"column":6},"end":{"line":254,"column":70}},"68":{"start":{"line":255,"column":16},"end":{"line":255,"column":33}},"69":{"start":{"line":256,"column":6},"end":{"line":256,"column":32}},"70":{"start":{"line":256,"column":13},"end":{"line":256,"column":32}},"71":{"start":{"line":260,"column":4},"end":{"line":267,"column":7}},"72":{"start":{"line":261,"column":6},"end":{"line":266,"column":7}},"73":{"start":{"line":262,"column":8},"end":{"line":262,"column":39}},"74":{"start":{"line":263,"column":8},"end":{"line":263,"column":39}},"75":{"start":{"line":265,"column":8},"end":{"line":265,"column":38}},"76":{"start":{"line":269,"column":4},"end":{"line":276,"column":7}},"77":{"start":{"line":270,"column":6},"end":{"line":275,"column":7}},"78":{"start":{"line":271,"column":8},"end":{"line":271,"column":37}},"79":{"start":{"line":272,"column":8},"end":{"line":272,"column":37}},"80":{"start":{"line":274,"column":8},"end":{"line":274,"column":36}},"81":{"start":{"line":279,"column":4},"end":{"line":279,"column":123}},"82":{"start":{"line":279,"column":77},"end":{"line":279,"column":96}},"83":{"start":{"line":279,"column":97},"end":{"line":279,"column":119}},"84":{"start":{"line":280,"column":4},"end":{"line":280,"column":123}},"85":{"start":{"line":280,"column":77},"end":{"line":280,"column":96}},"86":{"start":{"line":280,"column":97},"end":{"line":280,"column":119}},"87":{"start":{"line":283,"column":4},"end":{"line":286,"column":7}},"88":{"start":{"line":284,"column":6},"end":{"line":284,"column":58}},"89":{"start":{"line":285,"column":6},"end":{"line":285,"column":52}},"90":{"start":{"line":289,"column":4},"end":{"line":289,"column":97}},"91":{"start":{"line":289,"column":79},"end":{"line":289,"column":95}},"92":{"start":{"line":292,"column":4},"end":{"line":296,"column":7}},"93":{"start":{"line":293,"column":19},"end":{"line":293,"column":92}},"94":{"start":{"line":294,"column":6},"end":{"line":294,"column":29}},"95":{"start":{"line":295,"column":6},"end":{"line":295,"column":64}},"96":{"start":{"line":299,"column":4},"end":{"line":299,"column":107}},"97":{"start":{"line":299,"column":84},"end":{"line":299,"column":105}},"98":{"start":{"line":302,"column":4},"end":{"line":309,"column":7}},"99":{"start":{"line":303,"column":20},"end":{"line":303,"column":65}},"100":{"start":{"line":304,"column":6},"end":{"line":304,"column":34}},"101":{"start":{"line":304,"column":17},"end":{"line":304,"column":34}},"102":{"start":{"line":305,"column":6},"end":{"line":305,"column":71}},"103":{"start":{"line":306,"column":6},"end":{"line":306,"column":69}},"104":{"start":{"line":307,"column":6},"end":{"line":307,"column":66}},"105":{"start":{"line":308,"column":6},"end":{"line":308,"column":55}},"106":{"start":{"line":308,"column":27},"end":{"line":308,"column":55}},"107":{"start":{"line":311,"column":4},"end":{"line":335,"column":7}},"108":{"start":{"line":312,"column":6},"end":{"line":316,"column":7}},"109":{"start":{"line":313,"column":8},"end":{"line":313,"column":63}},"110":{"start":{"line":314,"column":8},"end":{"line":314,"column":51}},"111":{"start":{"line":315,"column":8},"end":{"line":315,"column":15}},"112":{"start":{"line":318,"column":18},"end":{"line":318,"column":20}},"113":{"start":{"line":319,"column":6},"end":{"line":331,"column":7}},"114":{"start":{"line":320,"column":21},"end":{"line":320,"column":100}},"115":{"start":{"line":321,"column":23},"end":{"line":321,"column":77}},"116":{"start":{"line":322,"column":23},"end":{"line":322,"column":77}},"117":{"start":{"line":324,"column":8},"end":{"line":330,"column":9}},"118":{"start":{"line":325,"column":10},"end":{"line":325,"column":45}},"119":{"start":{"line":326,"column":15},"end":{"line":330,"column":9}},"120":{"start":{"line":327,"column":10},"end":{"line":327,"column":45}},"121":{"start":{"line":329,"column":10},"end":{"line":329,"column":58}},"122":{"start":{"line":333,"column":6},"end":{"line":333,"column":43}},"123":{"start":{"line":334,"column":6},"end":{"line":334,"column":54}},"124":{"start":{"line":339,"column":4},"end":{"line":339,"column":108}},"125":{"start":{"line":339,"column":80},"end":{"line":339,"column":106}},"126":{"start":{"line":340,"column":4},"end":{"line":340,"column":102}},"127":{"start":{"line":340,"column":79},"end":{"line":340,"column":100}},"128":{"start":{"line":341,"column":4},"end":{"line":341,"column":104}},"129":{"start":{"line":341,"column":83},"end":{"line":341,"column":102}},"130":{"start":{"line":342,"column":4},"end":{"line":344,"column":7}},"131":{"start":{"line":343,"column":6},"end":{"line":343,"column":59}},"132":{"start":{"line":345,"column":4},"end":{"line":348,"column":7}},"133":{"start":{"line":346,"column":6},"end":{"line":346,"column":36}},"134":{"start":{"line":347,"column":6},"end":{"line":347,"column":147}},"135":{"start":{"line":352,"column":17},"end":{"line":352,"column":56}},"136":{"start":{"line":353,"column":18},"end":{"line":353,"column":63}},"137":{"start":{"line":355,"column":4},"end":{"line":355,"column":101}},"138":{"start":{"line":355,"column":45},"end":{"line":355,"column":64}},"139":{"start":{"line":355,"column":65},"end":{"line":355,"column":97}},"140":{"start":{"line":356,"column":4},"end":{"line":356,"column":81}},"141":{"start":{"line":356,"column":45},"end":{"line":356,"column":79}},"142":{"start":{"line":357,"column":4},"end":{"line":366,"column":7}},"143":{"start":{"line":358,"column":6},"end":{"line":358,"column":25}},"144":{"start":{"line":359,"column":6},"end":{"line":359,"column":41}},"145":{"start":{"line":360,"column":19},"end":{"line":360,"column":42}},"146":{"start":{"line":361,"column":6},"end":{"line":365,"column":7}},"147":{"start":{"line":362,"column":23},"end":{"line":362,"column":39}},"148":{"start":{"line":363,"column":8},"end":{"line":363,"column":71}},"149":{"start":{"line":363,"column":30},"end":{"line":363,"column":70}},"150":{"start":{"line":364,"column":8},"end":{"line":364,"column":32}},"151":{"start":{"line":368,"column":4},"end":{"line":373,"column":7}},"152":{"start":{"line":369,"column":6},"end":{"line":369,"column":39}},"153":{"start":{"line":370,"column":6},"end":{"line":372,"column":14}},"154":{"start":{"line":371,"column":8},"end":{"line":371,"column":68}},"155":{"start":{"line":371,"column":32},"end":{"line":371,"column":68}},"156":{"start":{"line":377,"column":15},"end":{"line":377,"column":57}},"157":{"start":{"line":378,"column":4},"end":{"line":386,"column":7}},"158":{"start":{"line":379,"column":6},"end":{"line":379,"column":38}},"159":{"start":{"line":380,"column":6},"end":{"line":385,"column":14}},"160":{"start":{"line":381,"column":19},"end":{"line":381,"column":54}},"161":{"start":{"line":382,"column":23},"end":{"line":382,"column":63}},"162":{"start":{"line":383,"column":8},"end":{"line":383,"column":98}},"163":{"start":{"line":384,"column":8},"end":{"line":384,"column":47}},"164":{"start":{"line":391,"column":4},"end":{"line":391,"column":22}},"165":{"start":{"line":392,"column":4},"end":{"line":392,"column":109}},"166":{"start":{"line":392,"column":54},"end":{"line":392,"column":107}},"167":{"start":{"line":393,"column":4},"end":{"line":393,"column":90}},"168":{"start":{"line":394,"column":4},"end":{"line":394,"column":88}},"169":{"start":{"line":395,"column":4},"end":{"line":395,"column":90}},"170":{"start":{"line":397,"column":4},"end":{"line":403,"column":5}},"171":{"start":{"line":398,"column":17},"end":{"line":398,"column":59}},"172":{"start":{"line":399,"column":6},"end":{"line":402,"column":7}},"173":{"start":{"line":400,"column":8},"end":{"line":400,"column":75}},"174":{"start":{"line":400,"column":37},"end":{"line":400,"column":75}},"175":{"start":{"line":401,"column":8},"end":{"line":401,"column":34}},"176":{"start":{"line":404,"column":4},"end":{"line":411,"column":5}},"177":{"start":{"line":405,"column":24},"end":{"line":405,"column":65}},"178":{"start":{"line":406,"column":6},"end":{"line":406,"column":446}},"179":{"start":{"line":407,"column":6},"end":{"line":410,"column":13}},"180":{"start":{"line":408,"column":8},"end":{"line":408,"column":33}},"181":{"start":{"line":409,"column":8},"end":{"line":409,"column":29}},"182":{"start":{"line":412,"column":4},"end":{"line":412,"column":31}},"183":{"start":{"line":416,"column":18},"end":{"line":416,"column":58}},"184":{"start":{"line":417,"column":4},"end":{"line":420,"column":7}},"185":{"start":{"line":418,"column":30},"end":{"line":418,"column":52}},"186":{"start":{"line":419,"column":28},"end":{"line":419,"column":56}},"187":{"start":{"line":421,"column":4},"end":{"line":421,"column":52}},"188":{"start":{"line":422,"column":4},"end":{"line":422,"column":58}},"189":{"start":{"line":422,"column":35},"end":{"line":422,"column":56}},"190":{"start":{"line":423,"column":4},"end":{"line":425,"column":7}},"191":{"start":{"line":424,"column":6},"end":{"line":424,"column":59}},"192":{"start":{"line":424,"column":33},"end":{"line":424,"column":59}},"193":{"start":{"line":429,"column":22},"end":{"line":429,"column":63}},"194":{"start":{"line":430,"column":4},"end":{"line":432,"column":7}},"195":{"start":{"line":431,"column":30},"end":{"line":431,"column":52}},"196":{"start":{"line":436,"column":4},"end":{"line":439,"column":5}},"197":{"start":{"line":437,"column":6},"end":{"line":437,"column":65}},"198":{"start":{"line":438,"column":6},"end":{"line":438,"column":13}},"199":{"start":{"line":441,"column":17},"end":{"line":441,"column":56}},"200":{"start":{"line":442,"column":18},"end":{"line":442,"column":59}},"201":{"start":{"line":445,"column":4},"end":{"line":445,"column":32}},"202":{"start":{"line":446,"column":4},"end":{"line":452,"column":6}},"203":{"start":{"line":453,"column":4},"end":{"line":453,"column":33}},"204":{"start":{"line":456,"column":4},"end":{"line":522,"column":11}},"205":{"start":{"line":457,"column":6},"end":{"line":521,"column":7}},"206":{"start":{"line":458,"column":26},"end":{"line":458,"column":46}},"207":{"start":{"line":459,"column":22},"end":{"line":459,"column":59}},"208":{"start":{"line":460,"column":22},"end":{"line":460,"column":38}},"209":{"start":{"line":461,"column":24},"end":{"line":461,"column":43}},"210":{"start":{"line":463,"column":8},"end":{"line":463,"column":36}},"211":{"start":{"line":464,"column":8},"end":{"line":464,"column":28}},"212":{"start":{"line":466,"column":8},"end":{"line":466,"column":36}},"213":{"start":{"line":467,"column":8},"end":{"line":467,"column":38}},"214":{"start":{"line":470,"column":8},"end":{"line":470,"column":434}},"215":{"start":{"line":472,"column":8},"end":{"line":511,"column":15}},"216":{"start":{"line":473,"column":10},"end":{"line":473,"column":31}},"217":{"start":{"line":474,"column":29},"end":{"line":474,"column":59}},"218":{"start":{"line":475,"column":10},"end":{"line":477,"column":13}},"219":{"start":{"line":476,"column":36},"end":{"line":476,"column":58}},"220":{"start":{"line":479,"column":10},"end":{"line":479,"column":39}},"221":{"start":{"line":481,"column":26},"end":{"line":481,"column":35}},"222":{"start":{"line":482,"column":27},"end":{"line":482,"column":36}},"223":{"start":{"line":483,"column":10},"end":{"line":492,"column":11}},"224":{"start":{"line":484,"column":12},"end":{"line":491,"column":13}},"225":{"start":{"line":485,"column":14},"end":{"line":485,"column":76}},"226":{"start":{"line":485,"column":44},"end":{"line":485,"column":76}},"227":{"start":{"line":486,"column":19},"end":{"line":491,"column":13}},"228":{"start":{"line":487,"column":14},"end":{"line":487,"column":78}},"229":{"start":{"line":487,"column":44},"end":{"line":487,"column":78}},"230":{"start":{"line":488,"column":19},"end":{"line":491,"column":13}},"231":{"start":{"line":489,"column":14},"end":{"line":489,"column":78}},"232":{"start":{"line":489,"column":44},"end":{"line":489,"column":78}},"233":{"start":{"line":490,"column":14},"end":{"line":490,"column":79}},"234":{"start":{"line":490,"column":44},"end":{"line":490,"column":79}},"235":{"start":{"line":494,"column":10},"end":{"line":494,"column":44}},"236":{"start":{"line":495,"column":10},"end":{"line":495,"column":44}},"237":{"start":{"line":498,"column":10},"end":{"line":498,"column":50}},"238":{"start":{"line":499,"column":10},"end":{"line":499,"column":51}},"239":{"start":{"line":502,"column":10},"end":{"line":502,"column":44}},"240":{"start":{"line":503,"column":10},"end":{"line":503,"column":44}},"241":{"start":{"line":506,"column":10},"end":{"line":509,"column":12}},"242":{"start":{"line":510,"column":10},"end":{"line":510,"column":27}},"243":{"start":{"line":514,"column":8},"end":{"line":518,"column":10}},"244":{"start":{"line":519,"column":8},"end":{"line":519,"column":25}},"245":{"start":{"line":520,"column":8},"end":{"line":520,"column":53}},"246":{"start":{"line":526,"column":4},"end":{"line":526,"column":64}},"247":{"start":{"line":527,"column":4},"end":{"line":527,"column":66}},"248":{"start":{"line":528,"column":4},"end":{"line":528,"column":66}},"249":{"start":{"line":533,"column":22},"end":{"line":533,"column":66}},"250":{"start":{"line":534,"column":20},"end":{"line":534,"column":61}},"251":{"start":{"line":536,"column":4},"end":{"line":542,"column":5}},"252":{"start":{"line":537,"column":6},"end":{"line":537,"column":40}},"253":{"start":{"line":538,"column":6},"end":{"line":538,"column":31}},"254":{"start":{"line":539,"column":6},"end":{"line":539,"column":31}},"255":{"start":{"line":540,"column":6},"end":{"line":540,"column":37}},"256":{"start":{"line":541,"column":6},"end":{"line":541,"column":13}},"257":{"start":{"line":544,"column":4},"end":{"line":570,"column":5}},"258":{"start":{"line":545,"column":22},"end":{"line":545,"column":78}},"259":{"start":{"line":546,"column":6},"end":{"line":546,"column":89}},"260":{"start":{"line":547,"column":6},"end":{"line":547,"column":62}},"261":{"start":{"line":547,"column":50},"end":{"line":547,"column":59}},"262":{"start":{"line":548,"column":6},"end":{"line":548,"column":59}},"263":{"start":{"line":549,"column":11},"end":{"line":570,"column":5}},"264":{"start":{"line":550,"column":33},"end":{"line":550,"column":66}},"265":{"start":{"line":551,"column":6},"end":{"line":556,"column":7}},"266":{"start":{"line":552,"column":8},"end":{"line":552,"column":38}},"267":{"start":{"line":553,"column":8},"end":{"line":553,"column":134}},"268":{"start":{"line":554,"column":8},"end":{"line":554,"column":45}},"269":{"start":{"line":555,"column":8},"end":{"line":555,"column":15}},"270":{"start":{"line":557,"column":6},"end":{"line":557,"column":89}},"271":{"start":{"line":558,"column":6},"end":{"line":558,"column":62}},"272":{"start":{"line":558,"column":50},"end":{"line":558,"column":59}},"273":{"start":{"line":559,"column":6},"end":{"line":559,"column":59}},"274":{"start":{"line":560,"column":11},"end":{"line":570,"column":5}},"275":{"start":{"line":561,"column":32},"end":{"line":561,"column":63}},"276":{"start":{"line":562,"column":6},"end":{"line":562,"column":55}},"277":{"start":{"line":563,"column":6},"end":{"line":568,"column":7}},"278":{"start":{"line":564,"column":8},"end":{"line":564,"column":134}},"279":{"start":{"line":566,"column":26},"end":{"line":566,"column":57}},"280":{"start":{"line":567,"column":8},"end":{"line":567,"column":201}},"281":{"start":{"line":569,"column":6},"end":{"line":569,"column":43}},"282":{"start":{"line":574,"column":15},"end":{"line":574,"column":59}},"283":{"start":{"line":575,"column":4},"end":{"line":579,"column":5}},"284":{"start":{"line":576,"column":6},"end":{"line":576,"column":106}},"285":{"start":{"line":577,"column":6},"end":{"line":577,"column":36}},"286":{"start":{"line":578,"column":6},"end":{"line":578,"column":13}},"287":{"start":{"line":581,"column":4},"end":{"line":588,"column":16}},"288":{"start":{"line":582,"column":26},"end":{"line":582,"column":71}},"289":{"start":{"line":583,"column":21},"end":{"line":583,"column":117}},"290":{"start":{"line":584,"column":6},"end":{"line":587,"column":14}},"291":{"start":{"line":590,"column":4},"end":{"line":597,"column":7}},"292":{"start":{"line":591,"column":6},"end":{"line":596,"column":9}},"293":{"start":{"line":592,"column":24},"end":{"line":592,"column":73}},"294":{"start":{"line":593,"column":8},"end":{"line":593,"column":33}},"295":{"start":{"line":594,"column":8},"end":{"line":594,"column":68}},"296":{"start":{"line":594,"column":25},"end":{"line":594,"column":62}},"297":{"start":{"line":595,"column":8},"end":{"line":595,"column":35}},"298":{"start":{"line":599,"column":4},"end":{"line":599,"column":34}},"299":{"start":{"line":604,"column":20},"end":{"line":604,"column":57}},"300":{"start":{"line":605,"column":4},"end":{"line":605,"column":73}},"301":{"start":{"line":606,"column":4},"end":{"line":606,"column":59}},"302":{"start":{"line":607,"column":4},"end":{"line":607,"column":98}},"303":{"start":{"line":611,"column":16},"end":{"line":611,"column":69}},"304":{"start":{"line":612,"column":4},"end":{"line":612,"column":21}},"305":{"start":{"line":612,"column":14},"end":{"line":612,"column":21}},"306":{"start":{"line":613,"column":4},"end":{"line":621,"column":5}},"307":{"start":{"line":614,"column":19},"end":{"line":614,"column":35}},"308":{"start":{"line":615,"column":6},"end":{"line":615,"column":59}},"309":{"start":{"line":615,"column":20},"end":{"line":615,"column":59}},"310":{"start":{"line":616,"column":19},"end":{"line":616,"column":36}},"311":{"start":{"line":617,"column":6},"end":{"line":617,"column":61}},"312":{"start":{"line":618,"column":6},"end":{"line":618,"column":46}},"313":{"start":{"line":620,"column":6},"end":{"line":620,"column":93}},"314":{"start":{"line":625,"column":23},"end":{"line":625,"column":77}},"315":{"start":{"line":626,"column":22},"end":{"line":626,"column":70}},"316":{"start":{"line":629,"column":4},"end":{"line":634,"column":5}},"317":{"start":{"line":630,"column":6},"end":{"line":630,"column":38}},"318":{"start":{"line":632,"column":6},"end":{"line":632,"column":50}},"319":{"start":{"line":633,"column":6},"end":{"line":633,"column":13}},"320":{"start":{"line":636,"column":19},"end":{"line":636,"column":53}},"321":{"start":{"line":637,"column":4},"end":{"line":637,"column":34}},"322":{"start":{"line":639,"column":4},"end":{"line":642,"column":5}},"323":{"start":{"line":640,"column":6},"end":{"line":640,"column":266}},"324":{"start":{"line":641,"column":6},"end":{"line":641,"column":13}},"325":{"start":{"line":644,"column":4},"end":{"line":649,"column":16}},"326":{"start":{"line":644,"column":42},"end":{"line":649,"column":5}},"327":{"start":{"line":651,"column":4},"end":{"line":657,"column":7}},"328":{"start":{"line":652,"column":6},"end":{"line":656,"column":9}},"329":{"start":{"line":653,"column":24},"end":{"line":653,"column":41}},"330":{"start":{"line":654,"column":8},"end":{"line":654,"column":33}},"331":{"start":{"line":655,"column":8},"end":{"line":655,"column":68}},"332":{"start":{"line":655,"column":25},"end":{"line":655,"column":62}},"333":{"start":{"line":659,"column":4},"end":{"line":659,"column":38}},"334":{"start":{"line":660,"column":4},"end":{"line":660,"column":95}},"335":{"start":{"line":663,"column":4},"end":{"line":666,"column":15}},"336":{"start":{"line":664,"column":19},"end":{"line":664,"column":36}},"337":{"start":{"line":665,"column":6},"end":{"line":665,"column":67}},"338":{"start":{"line":671,"column":4},"end":{"line":671,"column":26}},"339":{"start":{"line":672,"column":4},"end":{"line":672,"column":57}},"340":{"start":{"line":672,"column":31},"end":{"line":672,"column":57}},"341":{"start":{"line":673,"column":4},"end":{"line":679,"column":5}},"342":{"start":{"line":674,"column":17},"end":{"line":674,"column":59}},"343":{"start":{"line":675,"column":6},"end":{"line":678,"column":7}},"344":{"start":{"line":676,"column":8},"end":{"line":676,"column":46}},"345":{"start":{"line":677,"column":8},"end":{"line":677,"column":34}},"346":{"start":{"line":680,"column":4},"end":{"line":680,"column":31}},"347":{"start":{"line":684,"column":15},"end":{"line":684,"column":55}},"348":{"start":{"line":685,"column":4},"end":{"line":685,"column":63}},"349":{"start":{"line":685,"column":12},"end":{"line":685,"column":63}},"350":{"start":{"line":689,"column":15},"end":{"line":689,"column":55}},"351":{"start":{"line":690,"column":4},"end":{"line":690,"column":20}},"352":{"start":{"line":690,"column":13},"end":{"line":690,"column":20}},"353":{"start":{"line":691,"column":4},"end":{"line":694,"column":5}},"354":{"start":{"line":692,"column":6},"end":{"line":692,"column":57}},"355":{"start":{"line":693,"column":6},"end":{"line":693,"column":13}},"356":{"start":{"line":695,"column":18},"end":{"line":695,"column":32}},"357":{"start":{"line":696,"column":4},"end":{"line":700,"column":15}},"358":{"start":{"line":697,"column":6},"end":{"line":699,"column":55}},"359":{"start":{"line":704,"column":17},"end":{"line":704,"column":79}},"360":{"start":{"line":705,"column":16},"end":{"line":705,"column":41}},"361":{"start":{"line":706,"column":14},"end":{"line":706,"column":41}},"362":{"start":{"line":707,"column":4},"end":{"line":707,"column":17}},"363":{"start":{"line":708,"column":4},"end":{"line":708,"column":74}},"364":{"start":{"line":709,"column":4},"end":{"line":709,"column":14}},"365":{"start":{"line":710,"column":4},"end":{"line":710,"column":29}},"366":{"start":{"line":714,"column":22},"end":{"line":714,"column":58}},"367":{"start":{"line":715,"column":15},"end":{"line":715,"column":44}},"368":{"start":{"line":716,"column":4},"end":{"line":716,"column":38}},"369":{"start":{"line":717,"column":4},"end":{"line":717,"column":25}},"370":{"start":{"line":718,"column":4},"end":{"line":718,"column":30}},"371":{"start":{"line":719,"column":4},"end":{"line":719,"column":40}},"372":{"start":{"line":719,"column":21},"end":{"line":719,"column":32}},"373":{"start":{"line":723,"column":20},"end":{"line":723,"column":57}},"374":{"start":{"line":724,"column":4},"end":{"line":736,"column":6}},"375":{"start":{"line":737,"column":4},"end":{"line":737,"column":20}},"376":{"start":{"line":738,"column":4},"end":{"line":738,"column":65}},"377":{"start":{"line":742,"column":4},"end":{"line":767,"column":7}},"378":{"start":{"line":743,"column":18},"end":{"line":743,"column":49}},"379":{"start":{"line":744,"column":22},"end":{"line":744,"column":59}},"380":{"start":{"line":746,"column":6},"end":{"line":750,"column":7}},"381":{"start":{"line":747,"column":8},"end":{"line":747,"column":27}},"382":{"start":{"line":748,"column":8},"end":{"line":748,"column":59}},"383":{"start":{"line":749,"column":8},"end":{"line":749,"column":15}},"384":{"start":{"line":751,"column":6},"end":{"line":754,"column":7}},"385":{"start":{"line":752,"column":8},"end":{"line":752,"column":27}},"386":{"start":{"line":753,"column":8},"end":{"line":753,"column":27}},"387":{"start":{"line":753,"column":28},"end":{"line":753,"column":50}},"388":{"start":{"line":755,"column":6},"end":{"line":759,"column":7}},"389":{"start":{"line":757,"column":8},"end":{"line":757,"column":27}},"390":{"start":{"line":758,"column":8},"end":{"line":758,"column":27}},"391":{"start":{"line":758,"column":28},"end":{"line":758,"column":50}},"392":{"start":{"line":760,"column":6},"end":{"line":763,"column":7}},"393":{"start":{"line":761,"column":8},"end":{"line":761,"column":27}},"394":{"start":{"line":762,"column":8},"end":{"line":762,"column":25}},"395":{"start":{"line":764,"column":6},"end":{"line":766,"column":7}},"396":{"start":{"line":765,"column":8},"end":{"line":765,"column":77}},"397":{"start":{"line":771,"column":4},"end":{"line":771,"column":114}},"398":{"start":{"line":774,"column":4},"end":{"line":774,"column":70}},"399":{"start":{"line":779,"column":0},"end":{"line":781,"column":1}},"400":{"start":{"line":780,"column":2},"end":{"line":780,"column":12}}},"fnMap":{"0":{"name":"(anonymous_0)","decl":{"start":{"line":27,"column":2},"end":{"line":27,"column":3}},"loc":{"start":{"line":27,"column":16},"end":{"line":53,"column":3}},"line":27},"1":{"name":"(anonymous_1)","decl":{"start":{"line":44,"column":27},"end":{"line":44,"column":28}},"loc":{"start":{"line":44,"column":33},"end":{"line":52,"column":5}},"line":44},"2":{"name":"(anonymous_2)","decl":{"start":{"line":55,"column":2},"end":{"line":55,"column":3}},"loc":{"start":{"line":55,"column":21},"end":{"line":63,"column":3}},"line":55},"3":{"name":"(anonymous_3)","decl":{"start":{"line":65,"column":2},"end":{"line":65,"column":3}},"loc":{"start":{"line":65,"column":21},"end":{"line":74,"column":3}},"line":65},"4":{"name":"(anonymous_4)","decl":{"start":{"line":77,"column":2},"end":{"line":77,"column":3}},"loc":{"start":{"line":77,"column":13},"end":{"line":105,"column":3}},"line":77},"5":{"name":"(anonymous_5)","decl":{"start":{"line":107,"column":2},"end":{"line":107,"column":3}},"loc":{"start":{"line":107,"column":18},"end":{"line":156,"column":3}},"line":107},"6":{"name":"(anonymous_6)","decl":{"start":{"line":158,"column":2},"end":{"line":158,"column":3}},"loc":{"start":{"line":158,"column":20},"end":{"line":185,"column":3}},"line":158},"7":{"name":"(anonymous_7)","decl":{"start":{"line":187,"column":2},"end":{"line":187,"column":3}},"loc":{"start":{"line":187,"column":18},"end":{"line":211,"column":3}},"line":187},"8":{"name":"(anonymous_8)","decl":{"start":{"line":214,"column":2},"end":{"line":214,"column":3}},"loc":{"start":{"line":214,"column":17},"end":{"line":336,"column":3}},"line":214},"9":{"name":"(anonymous_9)","decl":{"start":{"line":216,"column":49},"end":{"line":216,"column":50}},"loc":{"start":{"line":216,"column":56},"end":{"line":218,"column":5}},"line":216},"10":{"name":"(anonymous_10)","decl":{"start":{"line":217,"column":36},"end":{"line":217,"column":37}},"loc":{"start":{"line":217,"column":42},"end":{"line":217,"column":76}},"line":217},"11":{"name":"(anonymous_11)","decl":{"start":{"line":221,"column":54},"end":{"line":221,"column":55}},"loc":{"start":{"line":221,"column":61},"end":{"line":234,"column":5}},"line":221},"12":{"name":"(anonymous_12)","decl":{"start":{"line":222,"column":36},"end":{"line":222,"column":37}},"loc":{"start":{"line":222,"column":42},"end":{"line":233,"column":7}},"line":222},"13":{"name":"(anonymous_13)","decl":{"start":{"line":223,"column":58},"end":{"line":223,"column":59}},"loc":{"start":{"line":223,"column":63},"end":{"line":223,"column":91}},"line":223},"14":{"name":"(anonymous_14)","decl":{"start":{"line":238,"column":42},"end":{"line":238,"column":43}},"loc":{"start":{"line":238,"column":47},"end":{"line":241,"column":5}},"line":238},"15":{"name":"(anonymous_15)","decl":{"start":{"line":240,"column":40},"end":{"line":240,"column":41}},"loc":{"start":{"line":240,"column":46},"end":{"line":240,"column":77}},"line":240},"16":{"name":"(anonymous_16)","decl":{"start":{"line":242,"column":42},"end":{"line":242,"column":43}},"loc":{"start":{"line":242,"column":47},"end":{"line":249,"column":5}},"line":242},"17":{"name":"(anonymous_17)","decl":{"start":{"line":252,"column":69},"end":{"line":252,"column":70}},"loc":{"start":{"line":252,"column":74},"end":{"line":257,"column":5}},"line":252},"18":{"name":"(anonymous_18)","decl":{"start":{"line":260,"column":73},"end":{"line":260,"column":74}},"loc":{"start":{"line":260,"column":79},"end":{"line":267,"column":5}},"line":260},"19":{"name":"(anonymous_19)","decl":{"start":{"line":269,"column":71},"end":{"line":269,"column":72}},"loc":{"start":{"line":269,"column":77},"end":{"line":276,"column":5}},"line":269},"20":{"name":"(anonymous_20)","decl":{"start":{"line":279,"column":69},"end":{"line":279,"column":70}},"loc":{"start":{"line":279,"column":75},"end":{"line":279,"column":121}},"line":279},"21":{"name":"(anonymous_21)","decl":{"start":{"line":280,"column":69},"end":{"line":280,"column":70}},"loc":{"start":{"line":280,"column":75},"end":{"line":280,"column":121}},"line":280},"22":{"name":"(anonymous_22)","decl":{"start":{"line":283,"column":69},"end":{"line":283,"column":70}},"loc":{"start":{"line":283,"column":75},"end":{"line":286,"column":5}},"line":283},"23":{"name":"(anonymous_23)","decl":{"start":{"line":289,"column":73},"end":{"line":289,"column":74}},"loc":{"start":{"line":289,"column":79},"end":{"line":289,"column":95}},"line":289},"24":{"name":"(anonymous_24)","decl":{"start":{"line":292,"column":70},"end":{"line":292,"column":71}},"loc":{"start":{"line":292,"column":76},"end":{"line":296,"column":5}},"line":292},"25":{"name":"(anonymous_25)","decl":{"start":{"line":295,"column":53},"end":{"line":295,"column":54}},"loc":{"start":{"line":295,"column":59},"end":{"line":295,"column":62}},"line":295},"26":{"name":"(anonymous_26)","decl":{"start":{"line":299,"column":78},"end":{"line":299,"column":79}},"loc":{"start":{"line":299,"column":84},"end":{"line":299,"column":105}},"line":299},"27":{"name":"(anonymous_27)","decl":{"start":{"line":302,"column":75},"end":{"line":302,"column":76}},"loc":{"start":{"line":302,"column":81},"end":{"line":309,"column":5}},"line":302},"28":{"name":"(anonymous_28)","decl":{"start":{"line":311,"column":74},"end":{"line":311,"column":75}},"loc":{"start":{"line":311,"column":80},"end":{"line":335,"column":5}},"line":311},"29":{"name":"(anonymous_29)","decl":{"start":{"line":338,"column":2},"end":{"line":338,"column":3}},"loc":{"start":{"line":338,"column":17},"end":{"line":349,"column":3}},"line":338},"30":{"name":"(anonymous_30)","decl":{"start":{"line":339,"column":74},"end":{"line":339,"column":75}},"loc":{"start":{"line":339,"column":80},"end":{"line":339,"column":106}},"line":339},"31":{"name":"(anonymous_31)","decl":{"start":{"line":340,"column":73},"end":{"line":340,"column":74}},"loc":{"start":{"line":340,"column":79},"end":{"line":340,"column":100}},"line":340},"32":{"name":"(anonymous_32)","decl":{"start":{"line":341,"column":77},"end":{"line":341,"column":78}},"loc":{"start":{"line":341,"column":83},"end":{"line":341,"column":102}},"line":341},"33":{"name":"(anonymous_33)","decl":{"start":{"line":342,"column":73},"end":{"line":342,"column":74}},"loc":{"start":{"line":342,"column":79},"end":{"line":344,"column":5}},"line":342},"34":{"name":"(anonymous_34)","decl":{"start":{"line":345,"column":73},"end":{"line":345,"column":74}},"loc":{"start":{"line":345,"column":79},"end":{"line":348,"column":5}},"line":345},"35":{"name":"(anonymous_35)","decl":{"start":{"line":351,"column":2},"end":{"line":351,"column":3}},"loc":{"start":{"line":351,"column":14},"end":{"line":374,"column":3}},"line":351},"36":{"name":"(anonymous_36)","decl":{"start":{"line":355,"column":38},"end":{"line":355,"column":39}},"loc":{"start":{"line":355,"column":43},"end":{"line":355,"column":99}},"line":355},"37":{"name":"(anonymous_37)","decl":{"start":{"line":356,"column":39},"end":{"line":356,"column":40}},"loc":{"start":{"line":356,"column":45},"end":{"line":356,"column":79}},"line":356},"38":{"name":"(anonymous_38)","decl":{"start":{"line":357,"column":34},"end":{"line":357,"column":35}},"loc":{"start":{"line":357,"column":39},"end":{"line":366,"column":5}},"line":357},"39":{"name":"(anonymous_39)","decl":{"start":{"line":363,"column":24},"end":{"line":363,"column":25}},"loc":{"start":{"line":363,"column":30},"end":{"line":363,"column":70}},"line":363},"40":{"name":"(anonymous_40)","decl":{"start":{"line":368,"column":36},"end":{"line":368,"column":37}},"loc":{"start":{"line":368,"column":42},"end":{"line":373,"column":5}},"line":368},"41":{"name":"(anonymous_41)","decl":{"start":{"line":370,"column":38},"end":{"line":370,"column":39}},"loc":{"start":{"line":370,"column":44},"end":{"line":372,"column":7}},"line":370},"42":{"name":"(anonymous_42)","decl":{"start":{"line":376,"column":2},"end":{"line":376,"column":3}},"loc":{"start":{"line":376,"column":13},"end":{"line":387,"column":3}},"line":376},"43":{"name":"(anonymous_43)","decl":{"start":{"line":378,"column":33},"end":{"line":378,"column":34}},"loc":{"start":{"line":378,"column":39},"end":{"line":386,"column":5}},"line":378},"44":{"name":"(anonymous_44)","decl":{"start":{"line":380,"column":37},"end":{"line":380,"column":38}},"loc":{"start":{"line":380,"column":43},"end":{"line":385,"column":7}},"line":380},"45":{"name":"(anonymous_45)","decl":{"start":{"line":390,"column":2},"end":{"line":390,"column":3}},"loc":{"start":{"line":390,"column":20},"end":{"line":413,"column":3}},"line":390},"46":{"name":"(anonymous_46)","decl":{"start":{"line":392,"column":49},"end":{"line":392,"column":50}},"loc":{"start":{"line":392,"column":54},"end":{"line":392,"column":107}},"line":392},"47":{"name":"(anonymous_47)","decl":{"start":{"line":407,"column":17},"end":{"line":407,"column":18}},"loc":{"start":{"line":407,"column":23},"end":{"line":410,"column":7}},"line":407},"48":{"name":"(anonymous_48)","decl":{"start":{"line":415,"column":2},"end":{"line":415,"column":3}},"loc":{"start":{"line":415,"column":18},"end":{"line":426,"column":3}},"line":415},"49":{"name":"(anonymous_49)","decl":{"start":{"line":418,"column":15},"end":{"line":418,"column":16}},"loc":{"start":{"line":418,"column":30},"end":{"line":418,"column":52}},"line":418},"50":{"name":"(anonymous_50)","decl":{"start":{"line":419,"column":17},"end":{"line":419,"column":18}},"loc":{"start":{"line":419,"column":28},"end":{"line":419,"column":56}},"line":419},"51":{"name":"(anonymous_51)","decl":{"start":{"line":422,"column":29},"end":{"line":422,"column":30}},"loc":{"start":{"line":422,"column":35},"end":{"line":422,"column":56}},"line":422},"52":{"name":"(anonymous_52)","decl":{"start":{"line":423,"column":33},"end":{"line":423,"column":34}},"loc":{"start":{"line":423,"column":39},"end":{"line":425,"column":5}},"line":423},"53":{"name":"(anonymous_53)","decl":{"start":{"line":428,"column":2},"end":{"line":428,"column":3}},"loc":{"start":{"line":428,"column":18},"end":{"line":433,"column":3}},"line":428},"54":{"name":"(anonymous_54)","decl":{"start":{"line":431,"column":15},"end":{"line":431,"column":16}},"loc":{"start":{"line":431,"column":30},"end":{"line":431,"column":52}},"line":431},"55":{"name":"(anonymous_55)","decl":{"start":{"line":435,"column":2},"end":{"line":435,"column":3}},"loc":{"start":{"line":435,"column":30},"end":{"line":523,"column":3}},"line":435},"56":{"name":"(anonymous_56)","decl":{"start":{"line":456,"column":15},"end":{"line":456,"column":16}},"loc":{"start":{"line":456,"column":21},"end":{"line":522,"column":5}},"line":456},"57":{"name":"(anonymous_57)","decl":{"start":{"line":472,"column":19},"end":{"line":472,"column":20}},"loc":{"start":{"line":472,"column":25},"end":{"line":511,"column":9}},"line":472},"58":{"name":"(anonymous_58)","decl":{"start":{"line":476,"column":21},"end":{"line":476,"column":22}},"loc":{"start":{"line":476,"column":36},"end":{"line":476,"column":58}},"line":476},"59":{"name":"(anonymous_59)","decl":{"start":{"line":525,"column":2},"end":{"line":525,"column":3}},"loc":{"start":{"line":525,"column":26},"end":{"line":529,"column":3}},"line":525},"60":{"name":"(anonymous_60)","decl":{"start":{"line":532,"column":2},"end":{"line":532,"column":3}},"loc":{"start":{"line":532,"column":20},"end":{"line":571,"column":3}},"line":532},"61":{"name":"(anonymous_61)","decl":{"start":{"line":547,"column":45},"end":{"line":547,"column":46}},"loc":{"start":{"line":547,"column":50},"end":{"line":547,"column":59}},"line":547},"62":{"name":"(anonymous_62)","decl":{"start":{"line":558,"column":45},"end":{"line":558,"column":46}},"loc":{"start":{"line":558,"column":50},"end":{"line":558,"column":59}},"line":558},"63":{"name":"(anonymous_63)","decl":{"start":{"line":573,"column":2},"end":{"line":573,"column":3}},"loc":{"start":{"line":573,"column":37},"end":{"line":600,"column":3}},"line":573},"64":{"name":"(anonymous_64)","decl":{"start":{"line":581,"column":31},"end":{"line":581,"column":32}},"loc":{"start":{"line":581,"column":41},"end":{"line":588,"column":5}},"line":581},"65":{"name":"(anonymous_65)","decl":{"start":{"line":590,"column":53},"end":{"line":590,"column":54}},"loc":{"start":{"line":590,"column":61},"end":{"line":597,"column":5}},"line":590},"66":{"name":"(anonymous_66)","decl":{"start":{"line":591,"column":37},"end":{"line":591,"column":38}},"loc":{"start":{"line":591,"column":43},"end":{"line":596,"column":7}},"line":591},"67":{"name":"(anonymous_67)","decl":{"start":{"line":594,"column":19},"end":{"line":594,"column":20}},"loc":{"start":{"line":594,"column":25},"end":{"line":594,"column":62}},"line":594},"68":{"name":"(anonymous_68)","decl":{"start":{"line":603,"column":2},"end":{"line":603,"column":3}},"loc":{"start":{"line":603,"column":24},"end":{"line":608,"column":3}},"line":603},"69":{"name":"(anonymous_69)","decl":{"start":{"line":610,"column":2},"end":{"line":610,"column":3}},"loc":{"start":{"line":610,"column":23},"end":{"line":622,"column":3}},"line":610},"70":{"name":"(anonymous_70)","decl":{"start":{"line":624,"column":2},"end":{"line":624,"column":3}},"loc":{"start":{"line":624,"column":19},"end":{"line":667,"column":3}},"line":624},"71":{"name":"(anonymous_71)","decl":{"start":{"line":644,"column":37},"end":{"line":644,"column":38}},"loc":{"start":{"line":644,"column":42},"end":{"line":649,"column":5}},"line":644},"72":{"name":"(anonymous_72)","decl":{"start":{"line":651,"column":55},"end":{"line":651,"column":56}},"loc":{"start":{"line":651,"column":63},"end":{"line":657,"column":5}},"line":651},"73":{"name":"(anonymous_73)","decl":{"start":{"line":652,"column":37},"end":{"line":652,"column":38}},"loc":{"start":{"line":652,"column":43},"end":{"line":656,"column":7}},"line":652},"74":{"name":"(anonymous_74)","decl":{"start":{"line":655,"column":19},"end":{"line":655,"column":20}},"loc":{"start":{"line":655,"column":25},"end":{"line":655,"column":62}},"line":655},"75":{"name":"(anonymous_75)","decl":{"start":{"line":670,"column":2},"end":{"line":670,"column":3}},"loc":{"start":{"line":670,"column":19},"end":{"line":681,"column":3}},"line":670},"76":{"name":"(anonymous_76)","decl":{"start":{"line":683,"column":2},"end":{"line":683,"column":3}},"loc":{"start":{"line":683,"column":26},"end":{"line":686,"column":3}},"line":683},"77":{"name":"(anonymous_77)","decl":{"start":{"line":688,"column":2},"end":{"line":688,"column":3}},"loc":{"start":{"line":688,"column":26},"end":{"line":701,"column":3}},"line":688},"78":{"name":"(anonymous_78)","decl":{"start":{"line":696,"column":29},"end":{"line":696,"column":30}},"loc":{"start":{"line":697,"column":6},"end":{"line":699,"column":55}},"line":697},"79":{"name":"(anonymous_79)","decl":{"start":{"line":703,"column":2},"end":{"line":703,"column":3}},"loc":{"start":{"line":703,"column":14},"end":{"line":711,"column":3}},"line":703},"80":{"name":"(anonymous_80)","decl":{"start":{"line":713,"column":2},"end":{"line":713,"column":3}},"loc":{"start":{"line":713,"column":25},"end":{"line":720,"column":3}},"line":713},"81":{"name":"(anonymous_81)","decl":{"start":{"line":719,"column":15},"end":{"line":719,"column":16}},"loc":{"start":{"line":719,"column":21},"end":{"line":719,"column":32}},"line":719},"82":{"name":"(anonymous_82)","decl":{"start":{"line":722,"column":2},"end":{"line":722,"column":3}},"loc":{"start":{"line":722,"column":20},"end":{"line":739,"column":3}},"line":722},"83":{"name":"(anonymous_83)","decl":{"start":{"line":741,"column":2},"end":{"line":741,"column":3}},"loc":{"start":{"line":741,"column":20},"end":{"line":768,"column":3}},"line":741},"84":{"name":"(anonymous_84)","decl":{"start":{"line":742,"column":41},"end":{"line":742,"column":42}},"loc":{"start":{"line":742,"column":46},"end":{"line":767,"column":5}},"line":742},"85":{"name":"(anonymous_85)","decl":{"start":{"line":770,"column":2},"end":{"line":770,"column":3}},"loc":{"start":{"line":770,"column":19},"end":{"line":772,"column":3}},"line":770},"86":{"name":"(anonymous_86)","decl":{"start":{"line":773,"column":2},"end":{"line":773,"column":3}},"loc":{"start":{"line":773,"column":19},"end":{"line":775,"column":3}},"line":773}},"branchMap":{"0":{"loc":{"start":{"line":29,"column":16},"end":{"line":29,"column":75}},"type":"cond-expr","locations":[{"start":{"line":29,"column":27},"end":{"line":29,"column":47}},{"start":{"line":29,"column":51},"end":{"line":29,"column":74}}],"line":29},"1":{"loc":{"start":{"line":29,"column":51},"end":{"line":29,"column":74}},"type":"binary-expr","locations":[{"start":{"line":29,"column":51},"end":{"line":29,"column":68}},{"start":{"line":29,"column":72},"end":{"line":29,"column":74}}],"line":29},"2":{"loc":{"start":{"line":47,"column":6},"end":{"line":51,"column":7}},"type":"if","locations":[{"start":{"line":47,"column":6},"end":{"line":51,"column":7}},{"start":{"line":49,"column":13},"end":{"line":51,"column":7}}],"line":47},"3":{"loc":{"start":{"line":58,"column":20},"end":{"line":58,"column":42}},"type":"binary-expr","locations":[{"start":{"line":58,"column":20},"end":{"line":58,"column":32}},{"start":{"line":58,"column":36},"end":{"line":58,"column":42}}],"line":58},"4":{"loc":{"start":{"line":67,"column":4},"end":{"line":72,"column":5}},"type":"if","locations":[{"start":{"line":67,"column":4},"end":{"line":72,"column":5}},{"start":{"line":70,"column":11},"end":{"line":72,"column":5}}],"line":67},"5":{"loc":{"start":{"line":69,"column":38},"end":{"line":69,"column":68}},"type":"cond-expr","locations":[{"start":{"line":69,"column":52},"end":{"line":69,"column":58}},{"start":{"line":69,"column":61},"end":{"line":69,"column":68}}],"line":69},"6":{"loc":{"start":{"line":71,"column":38},"end":{"line":71,"column":70}},"type":"cond-expr","locations":[{"start":{"line":71,"column":58},"end":{"line":71,"column":65}},{"start":{"line":71,"column":68},"end":{"line":71,"column":70}}],"line":71},"7":{"loc":{"start":{"line":232,"column":8},"end":{"line":232,"column":54}},"type":"if","locations":[{"start":{"line":232,"column":8},"end":{"line":232,"column":54}},{"start":{},"end":{}}],"line":232},"8":{"loc":{"start":{"line":243,"column":6},"end":{"line":248,"column":7}},"type":"if","locations":[{"start":{"line":243,"column":6},"end":{"line":248,"column":7}},{"start":{},"end":{}}],"line":243},"9":{"loc":{"start":{"line":245,"column":8},"end":{"line":247,"column":9}},"type":"if","locations":[{"start":{"line":245,"column":8},"end":{"line":247,"column":9}},{"start":{},"end":{}}],"line":245},"10":{"loc":{"start":{"line":256,"column":6},"end":{"line":256,"column":32}},"type":"if","locations":[{"start":{"line":256,"column":6},"end":{"line":256,"column":32}},{"start":{},"end":{}}],"line":256},"11":{"loc":{"start":{"line":261,"column":6},"end":{"line":266,"column":7}},"type":"if","locations":[{"start":{"line":261,"column":6},"end":{"line":266,"column":7}},{"start":{"line":264,"column":13},"end":{"line":266,"column":7}}],"line":261},"12":{"loc":{"start":{"line":270,"column":6},"end":{"line":275,"column":7}},"type":"if","locations":[{"start":{"line":270,"column":6},"end":{"line":275,"column":7}},{"start":{"line":273,"column":13},"end":{"line":275,"column":7}}],"line":270},"13":{"loc":{"start":{"line":293,"column":19},"end":{"line":293,"column":92}},"type":"binary-expr","locations":[{"start":{"line":293,"column":19},"end":{"line":293,"column":82}},{"start":{"line":293,"column":86},"end":{"line":293,"column":92}}],"line":293},"14":{"loc":{"start":{"line":304,"column":6},"end":{"line":304,"column":34}},"type":"if","locations":[{"start":{"line":304,"column":6},"end":{"line":304,"column":34}},{"start":{},"end":{}}],"line":304},"15":{"loc":{"start":{"line":308,"column":6},"end":{"line":308,"column":55}},"type":"if","locations":[{"start":{"line":308,"column":6},"end":{"line":308,"column":55}},{"start":{},"end":{}}],"line":308},"16":{"loc":{"start":{"line":312,"column":6},"end":{"line":316,"column":7}},"type":"if","locations":[{"start":{"line":312,"column":6},"end":{"line":316,"column":7}},{"start":{},"end":{}}],"line":312},"17":{"loc":{"start":{"line":312,"column":10},"end":{"line":312,"column":50}},"type":"binary-expr","locations":[{"start":{"line":312,"column":10},"end":{"line":312,"column":22}},{"start":{"line":312,"column":26},"end":{"line":312,"column":50}}],"line":312},"18":{"loc":{"start":{"line":320,"column":21},"end":{"line":320,"column":100}},"type":"cond-expr","locations":[{"start":{"line":320,"column":31},"end":{"line":320,"column":55}},{"start":{"line":320,"column":59},"end":{"line":320,"column":99}}],"line":320},"19":{"loc":{"start":{"line":320,"column":59},"end":{"line":320,"column":99}},"type":"cond-expr","locations":[{"start":{"line":320,"column":69},"end":{"line":320,"column":93}},{"start":{"line":320,"column":96},"end":{"line":320,"column":99}}],"line":320},"20":{"loc":{"start":{"line":321,"column":23},"end":{"line":321,"column":77}},"type":"cond-expr","locations":[{"start":{"line":321,"column":48},"end":{"line":321,"column":72}},{"start":{"line":321,"column":75},"end":{"line":321,"column":77}}],"line":321},"21":{"loc":{"start":{"line":322,"column":23},"end":{"line":322,"column":77}},"type":"cond-expr","locations":[{"start":{"line":322,"column":48},"end":{"line":322,"column":72}},{"start":{"line":322,"column":75},"end":{"line":322,"column":77}}],"line":322},"22":{"loc":{"start":{"line":324,"column":8},"end":{"line":330,"column":9}},"type":"if","locations":[{"start":{"line":324,"column":8},"end":{"line":330,"column":9}},{"start":{"line":326,"column":15},"end":{"line":330,"column":9}}],"line":324},"23":{"loc":{"start":{"line":326,"column":15},"end":{"line":330,"column":9}},"type":"if","locations":[{"start":{"line":326,"column":15},"end":{"line":330,"column":9}},{"start":{"line":328,"column":15},"end":{"line":330,"column":9}}],"line":326},"24":{"loc":{"start":{"line":361,"column":6},"end":{"line":365,"column":7}},"type":"if","locations":[{"start":{"line":361,"column":6},"end":{"line":365,"column":7}},{"start":{},"end":{}}],"line":361},"25":{"loc":{"start":{"line":371,"column":8},"end":{"line":371,"column":68}},"type":"if","locations":[{"start":{"line":371,"column":8},"end":{"line":371,"column":68}},{"start":{},"end":{}}],"line":371},"26":{"loc":{"start":{"line":383,"column":29},"end":{"line":383,"column":97}},"type":"cond-expr","locations":[{"start":{"line":383,"column":34},"end":{"line":383,"column":46}},{"start":{"line":383,"column":49},"end":{"line":383,"column":97}}],"line":383},"27":{"loc":{"start":{"line":384,"column":27},"end":{"line":384,"column":46}},"type":"cond-expr","locations":[{"start":{"line":384,"column":32},"end":{"line":384,"column":36}},{"start":{"line":384,"column":39},"end":{"line":384,"column":46}}],"line":384},"28":{"loc":{"start":{"line":397,"column":4},"end":{"line":403,"column":5}},"type":"if","locations":[{"start":{"line":397,"column":4},"end":{"line":403,"column":5}},{"start":{},"end":{}}],"line":397},"29":{"loc":{"start":{"line":399,"column":6},"end":{"line":402,"column":7}},"type":"if","locations":[{"start":{"line":399,"column":6},"end":{"line":402,"column":7}},{"start":{},"end":{}}],"line":399},"30":{"loc":{"start":{"line":400,"column":8},"end":{"line":400,"column":75}},"type":"if","locations":[{"start":{"line":400,"column":8},"end":{"line":400,"column":75}},{"start":{},"end":{}}],"line":400},"31":{"loc":{"start":{"line":404,"column":4},"end":{"line":411,"column":5}},"type":"if","locations":[{"start":{"line":404,"column":4},"end":{"line":411,"column":5}},{"start":{},"end":{}}],"line":404},"32":{"loc":{"start":{"line":404,"column":8},"end":{"line":404,"column":88}},"type":"binary-expr","locations":[{"start":{"line":404,"column":8},"end":{"line":404,"column":23}},{"start":{"line":404,"column":27},"end":{"line":404,"column":43}},{"start":{"line":404,"column":47},"end":{"line":404,"column":88}}],"line":404},"33":{"loc":{"start":{"line":424,"column":6},"end":{"line":424,"column":59}},"type":"if","locations":[{"start":{"line":424,"column":6},"end":{"line":424,"column":59}},{"start":{},"end":{}}],"line":424},"34":{"loc":{"start":{"line":436,"column":4},"end":{"line":439,"column":5}},"type":"if","locations":[{"start":{"line":436,"column":4},"end":{"line":439,"column":5}},{"start":{},"end":{}}],"line":436},"35":{"loc":{"start":{"line":484,"column":12},"end":{"line":491,"column":13}},"type":"if","locations":[{"start":{"line":484,"column":12},"end":{"line":491,"column":13}},{"start":{"line":486,"column":19},"end":{"line":491,"column":13}}],"line":484},"36":{"loc":{"start":{"line":485,"column":14},"end":{"line":485,"column":76}},"type":"if","locations":[{"start":{"line":485,"column":14},"end":{"line":485,"column":76}},{"start":{},"end":{}}],"line":485},"37":{"loc":{"start":{"line":486,"column":19},"end":{"line":491,"column":13}},"type":"if","locations":[{"start":{"line":486,"column":19},"end":{"line":491,"column":13}},{"start":{"line":488,"column":19},"end":{"line":491,"column":13}}],"line":486},"38":{"loc":{"start":{"line":487,"column":14},"end":{"line":487,"column":78}},"type":"if","locations":[{"start":{"line":487,"column":14},"end":{"line":487,"column":78}},{"start":{},"end":{}}],"line":487},"39":{"loc":{"start":{"line":488,"column":19},"end":{"line":491,"column":13}},"type":"if","locations":[{"start":{"line":488,"column":19},"end":{"line":491,"column":13}},{"start":{},"end":{}}],"line":488},"40":{"loc":{"start":{"line":489,"column":14},"end":{"line":489,"column":78}},"type":"if","locations":[{"start":{"line":489,"column":14},"end":{"line":489,"column":78}},{"start":{},"end":{}}],"line":489},"41":{"loc":{"start":{"line":490,"column":14},"end":{"line":490,"column":79}},"type":"if","locations":[{"start":{"line":490,"column":14},"end":{"line":490,"column":79}},{"start":{},"end":{}}],"line":490},"42":{"loc":{"start":{"line":536,"column":4},"end":{"line":542,"column":5}},"type":"if","locations":[{"start":{"line":536,"column":4},"end":{"line":542,"column":5}},{"start":{},"end":{}}],"line":536},"43":{"loc":{"start":{"line":536,"column":8},"end":{"line":536,"column":43}},"type":"binary-expr","locations":[{"start":{"line":536,"column":8},"end":{"line":536,"column":21}},{"start":{"line":536,"column":25},"end":{"line":536,"column":43}}],"line":536},"44":{"loc":{"start":{"line":544,"column":4},"end":{"line":570,"column":5}},"type":"if","locations":[{"start":{"line":544,"column":4},"end":{"line":570,"column":5}},{"start":{"line":549,"column":11},"end":{"line":570,"column":5}}],"line":544},"45":{"loc":{"start":{"line":546,"column":54},"end":{"line":546,"column":86}},"type":"cond-expr","locations":[{"start":{"line":546,"column":77},"end":{"line":546,"column":81}},{"start":{"line":546,"column":84},"end":{"line":546,"column":86}}],"line":546},"46":{"loc":{"start":{"line":549,"column":11},"end":{"line":570,"column":5}},"type":"if","locations":[{"start":{"line":549,"column":11},"end":{"line":570,"column":5}},{"start":{"line":560,"column":11},"end":{"line":570,"column":5}}],"line":549},"47":{"loc":{"start":{"line":551,"column":6},"end":{"line":556,"column":7}},"type":"if","locations":[{"start":{"line":551,"column":6},"end":{"line":556,"column":7}},{"start":{},"end":{}}],"line":551},"48":{"loc":{"start":{"line":557,"column":55},"end":{"line":557,"column":86}},"type":"cond-expr","locations":[{"start":{"line":557,"column":78},"end":{"line":557,"column":81}},{"start":{"line":557,"column":84},"end":{"line":557,"column":86}}],"line":557},"49":{"loc":{"start":{"line":560,"column":11},"end":{"line":570,"column":5}},"type":"if","locations":[{"start":{"line":560,"column":11},"end":{"line":570,"column":5}},{"start":{},"end":{}}],"line":560},"50":{"loc":{"start":{"line":562,"column":28},"end":{"line":562,"column":54}},"type":"cond-expr","locations":[{"start":{"line":562,"column":36},"end":{"line":562,"column":43}},{"start":{"line":562,"column":46},"end":{"line":562,"column":54}}],"line":562},"51":{"loc":{"start":{"line":563,"column":6},"end":{"line":568,"column":7}},"type":"if","locations":[{"start":{"line":563,"column":6},"end":{"line":568,"column":7}},{"start":{"line":565,"column":13},"end":{"line":568,"column":7}}],"line":563},"52":{"loc":{"start":{"line":575,"column":4},"end":{"line":579,"column":5}},"type":"if","locations":[{"start":{"line":575,"column":4},"end":{"line":579,"column":5}},{"start":{},"end":{}}],"line":575},"53":{"loc":{"start":{"line":582,"column":26},"end":{"line":582,"column":71}},"type":"cond-expr","locations":[{"start":{"line":582,"column":42},"end":{"line":582,"column":65}},{"start":{"line":582,"column":68},"end":{"line":582,"column":71}}],"line":582},"54":{"loc":{"start":{"line":583,"column":21},"end":{"line":583,"column":117}},"type":"cond-expr","locations":[{"start":{"line":583,"column":52},"end":{"line":583,"column":90}},{"start":{"line":583,"column":94},"end":{"line":583,"column":117}}],"line":583},"55":{"loc":{"start":{"line":583,"column":52},"end":{"line":583,"column":90}},"type":"cond-expr","locations":[{"start":{"line":583,"column":77},"end":{"line":583,"column":82}},{"start":{"line":583,"column":85},"end":{"line":583,"column":90}}],"line":583},"56":{"loc":{"start":{"line":605,"column":24},"end":{"line":605,"column":72}},"type":"cond-expr","locations":[{"start":{"line":605,"column":46},"end":{"line":605,"column":51}},{"start":{"line":605,"column":54},"end":{"line":605,"column":72}}],"line":605},"57":{"loc":{"start":{"line":612,"column":4},"end":{"line":612,"column":21}},"type":"if","locations":[{"start":{"line":612,"column":4},"end":{"line":612,"column":21}},{"start":{},"end":{}}],"line":612},"58":{"loc":{"start":{"line":615,"column":6},"end":{"line":615,"column":59}},"type":"if","locations":[{"start":{"line":615,"column":6},"end":{"line":615,"column":59}},{"start":{},"end":{}}],"line":615},"59":{"loc":{"start":{"line":639,"column":4},"end":{"line":642,"column":5}},"type":"if","locations":[{"start":{"line":639,"column":4},"end":{"line":642,"column":5}},{"start":{},"end":{}}],"line":639},"60":{"loc":{"start":{"line":660,"column":52},"end":{"line":660,"column":82}},"type":"cond-expr","locations":[{"start":{"line":660,"column":74},"end":{"line":660,"column":77}},{"start":{"line":660,"column":80},"end":{"line":660,"column":82}}],"line":660},"61":{"loc":{"start":{"line":672,"column":4},"end":{"line":672,"column":57}},"type":"if","locations":[{"start":{"line":672,"column":4},"end":{"line":672,"column":57}},{"start":{},"end":{}}],"line":672},"62":{"loc":{"start":{"line":673,"column":4},"end":{"line":679,"column":5}},"type":"if","locations":[{"start":{"line":673,"column":4},"end":{"line":679,"column":5}},{"start":{},"end":{}}],"line":673},"63":{"loc":{"start":{"line":675,"column":6},"end":{"line":678,"column":7}},"type":"if","locations":[{"start":{"line":675,"column":6},"end":{"line":678,"column":7}},{"start":{},"end":{}}],"line":675},"64":{"loc":{"start":{"line":685,"column":4},"end":{"line":685,"column":63}},"type":"if","locations":[{"start":{"line":685,"column":4},"end":{"line":685,"column":63}},{"start":{},"end":{}}],"line":685},"65":{"loc":{"start":{"line":690,"column":4},"end":{"line":690,"column":20}},"type":"if","locations":[{"start":{"line":690,"column":4},"end":{"line":690,"column":20}},{"start":{},"end":{}}],"line":690},"66":{"loc":{"start":{"line":691,"column":4},"end":{"line":694,"column":5}},"type":"if","locations":[{"start":{"line":691,"column":4},"end":{"line":694,"column":5}},{"start":{},"end":{}}],"line":691},"67":{"loc":{"start":{"line":697,"column":6},"end":{"line":699,"column":55}},"type":"cond-expr","locations":[{"start":{"line":698,"column":10},"end":{"line":698,"column":84}},{"start":{"line":699,"column":10},"end":{"line":699,"column":55}}],"line":697},"68":{"loc":{"start":{"line":708,"column":18},"end":{"line":708,"column":62}},"type":"binary-expr","locations":[{"start":{"line":708,"column":18},"end":{"line":708,"column":52}},{"start":{"line":708,"column":56},"end":{"line":708,"column":62}}],"line":708},"69":{"loc":{"start":{"line":713,"column":14},"end":{"line":713,"column":23}},"type":"default-arg","locations":[{"start":{"line":713,"column":21},"end":{"line":713,"column":23}}],"line":713},"70":{"loc":{"start":{"line":727,"column":30},"end":{"line":727,"column":77}},"type":"binary-expr","locations":[{"start":{"line":727,"column":30},"end":{"line":727,"column":47}},{"start":{"line":727,"column":51},"end":{"line":727,"column":77}}],"line":727},"71":{"loc":{"start":{"line":744,"column":22},"end":{"line":744,"column":59}},"type":"binary-expr","locations":[{"start":{"line":744,"column":22},"end":{"line":744,"column":37}},{"start":{"line":744,"column":41},"end":{"line":744,"column":59}}],"line":744},"72":{"loc":{"start":{"line":746,"column":6},"end":{"line":750,"column":7}},"type":"if","locations":[{"start":{"line":746,"column":6},"end":{"line":750,"column":7}},{"start":{},"end":{}}],"line":746},"73":{"loc":{"start":{"line":746,"column":10},"end":{"line":746,"column":51}},"type":"binary-expr","locations":[{"start":{"line":746,"column":10},"end":{"line":746,"column":23}},{"start":{"line":746,"column":28},"end":{"line":746,"column":37}},{"start":{"line":746,"column":41},"end":{"line":746,"column":50}}],"line":746},"74":{"loc":{"start":{"line":751,"column":6},"end":{"line":754,"column":7}},"type":"if","locations":[{"start":{"line":751,"column":6},"end":{"line":754,"column":7}},{"start":{},"end":{}}],"line":751},"75":{"loc":{"start":{"line":751,"column":10},"end":{"line":751,"column":66}},"type":"binary-expr","locations":[{"start":{"line":751,"column":10},"end":{"line":751,"column":23}},{"start":{"line":751,"column":28},"end":{"line":751,"column":37}},{"start":{"line":751,"column":41},"end":{"line":751,"column":50}},{"start":{"line":751,"column":55},"end":{"line":751,"column":66}}],"line":751},"76":{"loc":{"start":{"line":755,"column":6},"end":{"line":759,"column":7}},"type":"if","locations":[{"start":{"line":755,"column":6},"end":{"line":759,"column":7}},{"start":{},"end":{}}],"line":755},"77":{"loc":{"start":{"line":755,"column":10},"end":{"line":756,"column":51}},"type":"binary-expr","locations":[{"start":{"line":755,"column":11},"end":{"line":755,"column":24}},{"start":{"line":755,"column":28},"end":{"line":755,"column":38}},{"start":{"line":755,"column":43},"end":{"line":755,"column":52}},{"start":{"line":755,"column":56},"end":{"line":755,"column":65}},{"start":{"line":756,"column":9},"end":{"line":756,"column":22}},{"start":{"line":756,"column":27},"end":{"line":756,"column":36}},{"start":{"line":756,"column":40},"end":{"line":756,"column":49}}],"line":755},"78":{"loc":{"start":{"line":760,"column":6},"end":{"line":763,"column":7}},"type":"if","locations":[{"start":{"line":760,"column":6},"end":{"line":763,"column":7}},{"start":{},"end":{}}],"line":760},"79":{"loc":{"start":{"line":760,"column":10},"end":{"line":760,"column":51}},"type":"binary-expr","locations":[{"start":{"line":760,"column":10},"end":{"line":760,"column":23}},{"start":{"line":760,"column":28},"end":{"line":760,"column":37}},{"start":{"line":760,"column":41},"end":{"line":760,"column":50}}],"line":760},"80":{"loc":{"start":{"line":764,"column":6},"end":{"line":766,"column":7}},"type":"if","locations":[{"start":{"line":764,"column":6},"end":{"line":766,"column":7}},{"start":{},"end":{}}],"line":764},"81":{"loc":{"start":{"line":779,"column":0},"end":{"line":781,"column":1}},"type":"if","locations":[{"start":{"line":779,"column":0},"end":{"line":781,"column":1}},{"start":{},"end":{}}],"line":779},"82":{"loc":{"start":{"line":779,"column":4},"end":{"line":779,"column":72}},"type":"binary-expr","locations":[{"start":{"line":779,"column":4},"end":{"line":779,"column":35}},{"start":{"line":779,"column":39},"end":{"line":779,"column":72}}],"line":779}},"s":{"0":1,"1":5,"2":5,"3":5,"4":5,"5":5,"6":5,"7":5,"8":5,"9":5,"10":5,"11":5,"12":5,"13":5,"14":5,"15":5,"16":5,"17":5,"18":5,"19":5,"20":0,"21":5,"22":5,"23":5,"24":5,"25":5,"26":0,"27":5,"28":5,"29":0,"30":0,"31":5,"32":5,"33":5,"34":5,"35":5,"36":5,"37":5,"38":5,"39":5,"40":5,"41":5,"42":5,"43":15,"44":1,"45":5,"46":15,"47":0,"48":0,"49":0,"50":0,"51":0,"52":0,"53":0,"54":0,"55":5,"56":5,"57":1,"58":1,"59":1,"60":5,"61":1,"62":0,"63":0,"64":0,"65":5,"66":0,"67":0,"68":0,"69":0,"70":0,"71":5,"72":0,"73":0,"74":0,"75":0,"76":5,"77":0,"78":0,"79":0,"80":0,"81":5,"82":0,"83":0,"84":5,"85":0,"86":0,"87":5,"88":0,"89":0,"90":5,"91":0,"92":5,"93":0,"94":0,"95":0,"96":5,"97":1,"98":5,"99":0,"100":0,"101":0,"102":0,"103":0,"104":0,"105":0,"106":0,"107":5,"108":0,"109":0,"110":0,"111":0,"112":0,"113":0,"114":0,"115":0,"116":0,"117":0,"118":0,"119":0,"120":0,"121":0,"122":0,"123":0,"124":5,"125":0,"126":5,"127":0,"128":5,"129":0,"130":5,"131":0,"132":5,"133":0,"134":0,"135":5,"136":5,"137":5,"138":0,"139":0,"140":5,"141":0,"142":5,"143":0,"144":0,"145":0,"146":0,"147":0,"148":0,"149":0,"150":0,"151":5,"152":0,"153":0,"154":0,"155":0,"156":5,"157":5,"158":0,"159":0,"160":0,"161":0,"162":0,"163":0,"164":1,"165":1,"166":3,"167":1,"168":1,"169":1,"170":1,"171":1,"172":1,"173":1,"174":1,"175":1,"176":1,"177":0,"178":0,"179":0,"180":0,"181":0,"182":1,"183":5,"184":5,"185":0,"186":0,"187":5,"188":5,"189":0,"190":5,"191":0,"192":0,"193":0,"194":0,"195":0,"196":0,"197":0,"198":0,"199":0,"200":0,"201":0,"202":0,"203":0,"204":0,"205":0,"206":0,"207":0,"208":0,"209":0,"210":0,"211":0,"212":0,"213":0,"214":0,"215":0,"216":0,"217":0,"218":0,"219":0,"220":0,"221":0,"222":0,"223":0,"224":0,"225":0,"226":0,"227":0,"228":0,"229":0,"230":0,"231":0,"232":0,"233":0,"234":0,"235":0,"236":0,"237":0,"238":0,"239":0,"240":0,"241":0,"242":0,"243":0,"244":0,"245":0,"246":0,"247":0,"248":0,"249":1,"250":1,"251":1,"252":0,"253":0,"254":0,"255":0,"256":0,"257":1,"258":1,"259":1,"260":1,"261":1,"262":1,"263":0,"264":0,"265":0,"266":0,"267":0,"268":0,"269":0,"270":0,"271":0,"272":0,"273":0,"274":0,"275":0,"276":0,"277":0,"278":0,"279":0,"280":0,"281":0,"282":1,"283":1,"284":0,"285":0,"286":0,"287":1,"288":1,"289":1,"290":1,"291":1,"292":1,"293":0,"294":0,"295":0,"296":0,"297":0,"298":1,"299":1,"300":1,"301":1,"302":1,"303":0,"304":0,"305":0,"306":0,"307":0,"308":0,"309":0,"310":0,"311":0,"312":0,"313":0,"314":0,"315":0,"316":0,"317":0,"318":0,"319":0,"320":0,"321":0,"322":0,"323":0,"324":0,"325":0,"326":0,"327":0,"328":0,"329":0,"330":0,"331":0,"332":0,"333":0,"334":0,"335":0,"336":0,"337":0,"338":0,"339":0,"340":0,"341":0,"342":0,"343":0,"344":0,"345":0,"346":0,"347":5,"348":5,"349":5,"350":1,"351":1,"352":0,"353":1,"354":1,"355":1,"356":0,"357":0,"358":0,"359":0,"360":0,"361":0,"362":0,"363":0,"364":0,"365":0,"366":0,"367":0,"368":0,"369":0,"370":0,"371":0,"372":0,"373":0,"374":0,"375":0,"376":0,"377":5,"378":5,"379":5,"380":5,"381":5,"382":5,"383":5,"384":0,"385":0,"386":0,"387":0,"388":0,"389":0,"390":0,"391":0,"392":0,"393":0,"394":0,"395":0,"396":0,"397":2,"398":0,"399":1,"400":0},"f":{"0":5,"1":5,"2":5,"3":5,"4":5,"5":5,"6":5,"7":5,"8":5,"9":15,"10":1,"11":15,"12":0,"13":0,"14":1,"15":1,"16":1,"17":0,"18":0,"19":0,"20":0,"21":0,"22":0,"23":0,"24":0,"25":0,"26":1,"27":0,"28":0,"29":5,"30":0,"31":0,"32":0,"33":0,"34":0,"35":5,"36":0,"37":0,"38":0,"39":0,"40":0,"41":0,"42":5,"43":0,"44":0,"45":1,"46":3,"47":0,"48":5,"49":0,"50":0,"51":0,"52":0,"53":0,"54":0,"55":0,"56":0,"57":0,"58":0,"59":0,"60":1,"61":1,"62":0,"63":1,"64":1,"65":1,"66":0,"67":0,"68":1,"69":0,"70":0,"71":0,"72":0,"73":0,"74":0,"75":0,"76":5,"77":1,"78":0,"79":0,"80":0,"81":0,"82":0,"83":5,"84":5,"85":2,"86":0},"b":{"0":[5,0],"1":[0,0],"2":[0,5],"3":[5,0],"4":[0,5],"5":[0,0],"6":[0,5],"7":[0,0],"8":[0,1],"9":[0,0],"10":[0,0],"11":[0,0],"12":[0,0],"13":[0,0],"14":[0,0],"15":[0,0],"16":[0,0],"17":[0,0],"18":[0,0],"19":[0,0],"20":[0,0],"21":[0,0],"22":[0,0],"23":[0,0],"24":[0,0],"25":[0,0],"26":[0,0],"27":[0,0],"28":[1,0],"29":[1,0],"30":[1,0],"31":[0,1],"32":[1,0,0],"33":[0,0],"34":[0,0],"35":[0,0],"36":[0,0],"37":[0,0],"38":[0,0],"39":[0,0],"40":[0,0],"41":[0,0],"42":[0,1],"43":[1,1],"44":[1,0],"45":[0,1],"46":[0,0],"47":[0,0],"48":[0,0],"49":[0,0],"50":[0,0],"51":[0,0],"52":[0,1],"53":[1,0],"54":[0,1],"55":[0,0],"56":[0,1],"57":[0,0],"58":[0,0],"59":[0,0],"60":[0,0],"61":[0,0],"62":[0,0],"63":[0,0],"64":[5,0],"65":[0,1],"66":[1,0],"67":[0,0],"68":[0,0],"69":[0],"70":[0,0],"71":[5,1],"72":[5,0],"73":[5,5,0],"74":[0,0],"75":[0,0,0,0],"76":[0,0],"77":[0,0,0,0,0,0,0],"78":[0,0],"79":[0,0,0],"80":[0,0],"81":[0,1],"82":[1,1]},"inputSourceMap":null,"_coverageSchema":"1a1c01bbd47fc00a2c39e90264f33305004495a9","hash":"3ad6760fed9f34712c73e4f42a740a5c91dd7aa6"}
,"/Users/ayushawasthi/Developer/JS/json-viewer-extension/ui/diff.js": {"path":"/Users/ayushawasthi/Developer/JS/json-viewer-extension/ui/diff.js","statementMap":{"0":{"start":{"line":4,"column":18},"end":{"line":4,"column":20}},"1":{"start":{"line":5,"column":16},"end":{"line":5,"column":18}},"2":{"start":{"line":6,"column":16},"end":{"line":6,"column":18}},"3":{"start":{"line":8,"column":17},"end":{"line":12,"column":3}},"4":{"start":{"line":9,"column":4},"end":{"line":9,"column":34}},"5":{"start":{"line":9,"column":20},"end":{"line":9,"column":34}},"6":{"start":{"line":10,"column":4},"end":{"line":10,"column":41}},"7":{"start":{"line":10,"column":26},"end":{"line":10,"column":41}},"8":{"start":{"line":11,"column":4},"end":{"line":11,"column":20}},"9":{"start":{"line":14,"column":22},"end":{"line":31,"column":3}},"10":{"start":{"line":15,"column":14},"end":{"line":15,"column":23}},"11":{"start":{"line":16,"column":4},"end":{"line":16,"column":36}},"12":{"start":{"line":16,"column":22},"end":{"line":16,"column":36}},"13":{"start":{"line":17,"column":4},"end":{"line":17,"column":60}},"14":{"start":{"line":17,"column":41},"end":{"line":17,"column":60}},"15":{"start":{"line":19,"column":17},"end":{"line":19,"column":38}},"16":{"start":{"line":20,"column":14},"end":{"line":20,"column":38}},"17":{"start":{"line":21,"column":4},"end":{"line":29,"column":5}},"18":{"start":{"line":22,"column":6},"end":{"line":26,"column":7}},"19":{"start":{"line":22,"column":19},"end":{"line":22,"column":20}},"20":{"start":{"line":23,"column":18},"end":{"line":23,"column":25}},"21":{"start":{"line":24,"column":20},"end":{"line":24,"column":24}},"22":{"start":{"line":25,"column":8},"end":{"line":25,"column":109}},"23":{"start":{"line":28,"column":6},"end":{"line":28,"column":28}},"24":{"start":{"line":30,"column":4},"end":{"line":30,"column":15}},"25":{"start":{"line":33,"column":19},"end":{"line":139,"column":3}},"26":{"start":{"line":34,"column":15},"end":{"line":34,"column":25}},"27":{"start":{"line":35,"column":15},"end":{"line":35,"column":25}},"28":{"start":{"line":36,"column":15},"end":{"line":36,"column":33}},"29":{"start":{"line":37,"column":15},"end":{"line":37,"column":33}},"30":{"start":{"line":39,"column":4},"end":{"line":42,"column":5}},"31":{"start":{"line":40,"column":6},"end":{"line":40,"column":135}},"32":{"start":{"line":41,"column":6},"end":{"line":41,"column":13}},"33":{"start":{"line":44,"column":4},"end":{"line":71,"column":5}},"34":{"start":{"line":45,"column":20},"end":{"line":45,"column":35}},"35":{"start":{"line":46,"column":20},"end":{"line":46,"column":35}},"36":{"start":{"line":47,"column":19},"end":{"line":47,"column":33}},"37":{"start":{"line":48,"column":19},"end":{"line":48,"column":33}},"38":{"start":{"line":50,"column":6},"end":{"line":62,"column":7}},"39":{"start":{"line":50,"column":19},"end":{"line":50,"column":20}},"40":{"start":{"line":51,"column":18},"end":{"line":51,"column":26}},"41":{"start":{"line":52,"column":8},"end":{"line":61,"column":9}},"42":{"start":{"line":53,"column":22},"end":{"line":53,"column":35}},"43":{"start":{"line":54,"column":10},"end":{"line":54,"column":98}},"44":{"start":{"line":56,"column":10},"end":{"line":56,"column":24}},"45":{"start":{"line":57,"column":10},"end":{"line":57,"column":24}},"46":{"start":{"line":58,"column":10},"end":{"line":58,"column":33}},"47":{"start":{"line":59,"column":10},"end":{"line":59,"column":22}},"48":{"start":{"line":60,"column":10},"end":{"line":60,"column":22}},"49":{"start":{"line":63,"column":6},"end":{"line":69,"column":7}},"50":{"start":{"line":63,"column":19},"end":{"line":63,"column":20}},"51":{"start":{"line":64,"column":18},"end":{"line":64,"column":26}},"52":{"start":{"line":65,"column":8},"end":{"line":68,"column":9}},"53":{"start":{"line":66,"column":22},"end":{"line":66,"column":35}},"54":{"start":{"line":67,"column":10},"end":{"line":67,"column":95}},"55":{"start":{"line":70,"column":6},"end":{"line":70,"column":13}},"56":{"start":{"line":73,"column":4},"end":{"line":134,"column":5}},"57":{"start":{"line":74,"column":14},"end":{"line":74,"column":15}},"58":{"start":{"line":74,"column":21},"end":{"line":74,"column":22}},"59":{"start":{"line":75,"column":24},"end":{"line":75,"column":27}},"60":{"start":{"line":76,"column":6},"end":{"line":132,"column":7}},"61":{"start":{"line":77,"column":8},"end":{"line":131,"column":9}},"62":{"start":{"line":78,"column":21},"end":{"line":78,"column":39}},"63":{"start":{"line":79,"column":21},"end":{"line":79,"column":39}},"64":{"start":{"line":81,"column":10},"end":{"line":89,"column":11}},"65":{"start":{"line":82,"column":12},"end":{"line":82,"column":26}},"66":{"start":{"line":83,"column":12},"end":{"line":83,"column":26}},"67":{"start":{"line":84,"column":12},"end":{"line":84,"column":35}},"68":{"start":{"line":85,"column":12},"end":{"line":85,"column":24}},"69":{"start":{"line":86,"column":12},"end":{"line":86,"column":24}},"70":{"start":{"line":87,"column":12},"end":{"line":87,"column":16}},"71":{"start":{"line":87,"column":17},"end":{"line":87,"column":21}},"72":{"start":{"line":88,"column":12},"end":{"line":88,"column":21}},"73":{"start":{"line":91,"column":25},"end":{"line":91,"column":27}},"74":{"start":{"line":92,"column":10},"end":{"line":94,"column":11}},"75":{"start":{"line":92,"column":23},"end":{"line":92,"column":28}},"76":{"start":{"line":93,"column":12},"end":{"line":93,"column":67}},"77":{"start":{"line":93,"column":45},"end":{"line":93,"column":58}},"78":{"start":{"line":93,"column":59},"end":{"line":93,"column":65}},"79":{"start":{"line":95,"column":10},"end":{"line":102,"column":11}},"80":{"start":{"line":96,"column":12},"end":{"line":99,"column":13}},"81":{"start":{"line":96,"column":25},"end":{"line":96,"column":26}},"82":{"start":{"line":97,"column":26},"end":{"line":97,"column":39}},"83":{"start":{"line":98,"column":14},"end":{"line":98,"column":99}},"84":{"start":{"line":100,"column":12},"end":{"line":100,"column":25}},"85":{"start":{"line":101,"column":12},"end":{"line":101,"column":21}},"86":{"start":{"line":104,"column":25},"end":{"line":104,"column":27}},"87":{"start":{"line":105,"column":10},"end":{"line":107,"column":11}},"88":{"start":{"line":105,"column":23},"end":{"line":105,"column":28}},"89":{"start":{"line":106,"column":12},"end":{"line":106,"column":67}},"90":{"start":{"line":106,"column":45},"end":{"line":106,"column":58}},"91":{"start":{"line":106,"column":59},"end":{"line":106,"column":65}},"92":{"start":{"line":108,"column":10},"end":{"line":115,"column":11}},"93":{"start":{"line":109,"column":12},"end":{"line":112,"column":13}},"94":{"start":{"line":109,"column":25},"end":{"line":109,"column":26}},"95":{"start":{"line":110,"column":26},"end":{"line":110,"column":39}},"96":{"start":{"line":111,"column":14},"end":{"line":111,"column":102}},"97":{"start":{"line":113,"column":12},"end":{"line":113,"column":25}},"98":{"start":{"line":114,"column":12},"end":{"line":114,"column":21}},"99":{"start":{"line":117,"column":10},"end":{"line":117,"column":24}},"100":{"start":{"line":118,"column":10},"end":{"line":118,"column":24}},"101":{"start":{"line":119,"column":10},"end":{"line":119,"column":33}},"102":{"start":{"line":120,"column":10},"end":{"line":120,"column":22}},"103":{"start":{"line":121,"column":10},"end":{"line":121,"column":22}},"104":{"start":{"line":122,"column":10},"end":{"line":122,"column":14}},"105":{"start":{"line":122,"column":15},"end":{"line":122,"column":19}},"106":{"start":{"line":123,"column":15},"end":{"line":131,"column":9}},"107":{"start":{"line":124,"column":22},"end":{"line":124,"column":35}},"108":{"start":{"line":125,"column":10},"end":{"line":125,"column":98}},"109":{"start":{"line":126,"column":10},"end":{"line":126,"column":14}},"110":{"start":{"line":128,"column":22},"end":{"line":128,"column":35}},"111":{"start":{"line":129,"column":10},"end":{"line":129,"column":95}},"112":{"start":{"line":130,"column":10},"end":{"line":130,"column":14}},"113":{"start":{"line":133,"column":6},"end":{"line":133,"column":13}},"114":{"start":{"line":136,"column":4},"end":{"line":138,"column":5}},"115":{"start":{"line":137,"column":6},"end":{"line":137,"column":135}},"116":{"start":{"line":141,"column":2},"end":{"line":141,"column":17}},"117":{"start":{"line":142,"column":2},"end":{"line":142,"column":17}},"118":{"start":{"line":147,"column":14},"end":{"line":147,"column":23}},"119":{"start":{"line":148,"column":2},"end":{"line":152,"column":3}},"120":{"start":{"line":148,"column":15},"end":{"line":148,"column":16}},"121":{"start":{"line":149,"column":14},"end":{"line":149,"column":22}},"122":{"start":{"line":150,"column":20},"end":{"line":150,"column":44}},"123":{"start":{"line":151,"column":4},"end":{"line":151,"column":29}},"124":{"start":{"line":153,"column":2},"end":{"line":153,"column":13}},"125":{"start":{"line":157,"column":14},"end":{"line":157,"column":15}},"126":{"start":{"line":157,"column":27},"end":{"line":157,"column":28}},"127":{"start":{"line":157,"column":40},"end":{"line":157,"column":41}},"128":{"start":{"line":158,"column":2},"end":{"line":163,"column":3}},"129":{"start":{"line":158,"column":15},"end":{"line":158,"column":16}},"130":{"start":{"line":159,"column":14},"end":{"line":159,"column":22}},"131":{"start":{"line":160,"column":4},"end":{"line":162,"column":19}},"132":{"start":{"line":160,"column":26},"end":{"line":160,"column":34}},"133":{"start":{"line":161,"column":9},"end":{"line":162,"column":19}},"134":{"start":{"line":161,"column":34},"end":{"line":161,"column":44}},"135":{"start":{"line":162,"column":9},"end":{"line":162,"column":19}},"136":{"start":{"line":164,"column":2},"end":{"line":164,"column":37}}},"fnMap":{"0":{"name":"diffJSON","decl":{"start":{"line":3,"column":16},"end":{"line":3,"column":24}},"loc":{"start":{"line":3,"column":31},"end":{"line":143,"column":1}},"line":3},"1":{"name":"(anonymous_1)","decl":{"start":{"line":8,"column":17},"end":{"line":8,"column":18}},"loc":{"start":{"line":8,"column":22},"end":{"line":12,"column":3}},"line":8},"2":{"name":"(anonymous_2)","decl":{"start":{"line":14,"column":22},"end":{"line":14,"column":23}},"loc":{"start":{"line":14,"column":29},"end":{"line":31,"column":3}},"line":14},"3":{"name":"(anonymous_3)","decl":{"start":{"line":33,"column":19},"end":{"line":33,"column":20}},"loc":{"start":{"line":33,"column":31},"end":{"line":139,"column":3}},"line":33},"4":{"name":"buildDiffMap","decl":{"start":{"line":145,"column":16},"end":{"line":145,"column":28}},"loc":{"start":{"line":145,"column":36},"end":{"line":154,"column":1}},"line":145},"5":{"name":"diffStats","decl":{"start":{"line":156,"column":16},"end":{"line":156,"column":25}},"loc":{"start":{"line":156,"column":33},"end":{"line":165,"column":1}},"line":156}},"branchMap":{"0":{"loc":{"start":{"line":9,"column":4},"end":{"line":9,"column":34}},"type":"if","locations":[{"start":{"line":9,"column":4},"end":{"line":9,"column":34}},{"start":{},"end":{}}],"line":9},"1":{"loc":{"start":{"line":10,"column":4},"end":{"line":1
[...]
umn":20},"end":{"line":175,"column":1}},"line":170},"11":{"name":"deepEqual","decl":{"start":{"line":177,"column":9},"end":{"line":177,"column":18}},"loc":{"start":{"line":177,"column":25},"end":{"line":179,"column":1}},"line":177},"12":{"name":"resolveRef","decl":{"start":{"line":181,"column":9},"end":{"line":181,"column":19}},"loc":{"start":{"line":181,"column":33},"end":{"line":190,"column":1}},"line":181},"13":{"name":"checkFormat","decl":{"start":{"line":192,"column":9},"end":{"line":192,"column":20}},"loc":{"start":{"line":192,"column":34},"end":{"line":205,"column":1}},"line":192}},"branchMap":{"0":{"loc":{"start":{"line":8,"column":17},"end":{"line":8,"column":62}},"type":"cond-expr","locations":[{"start":{"line":8,"column":33},"end":{"line":8,"column":56}},{"start":{"line":8,"column":59},"end":{"line":8,"column":62}}],"line":8},"1":{"loc":{"start":{"line":14,"column":2},"end":{"line":14,"column":52}},"type":"if","locations":[{"start":{"line":14,"column":2},"end":{"line":14,"column":52}},{"start":{},"end":{}}],"line":14},"2":{"loc":{"start":{"line":14,"column":6},"end":{"line":14,"column":43}},"type":"binary-expr","locations":[{"start":{"line":14,"column":6},"end":{"line":14,"column":13}},{"start":{"line":14,"column":17},"end":{"line":14,"column":43}}],"line":14},"3":{"loc":{"start":{"line":17,"column":2},"end":{"line":21,"column":3}},"type":"if","locations":[{"start":{"line":17,"column":2},"end":{"line":21,"column":3}},{"start":{},"end":{}}],"line":17},"4":{"loc":{"start":{"line":19,"column":4},"end":{"line":19,"column":63}},"type":"if","locations":[{"start":{"line":19,"column":4},"end":{"line":19,"column":63}},{"start":{},"end":{}}],"line":19},"5":{"loc":{"start":{"line":24,"column":2},"end":{"line":31,"column":3}},"type":"if","locations":[{"start":{"line":24,"column":2},"end":{"line":31,"column":3}},{"start":{},"end":{}}],"line":24},"6":{"loc":{"start":{"line":25,"column":18},"end":{"line":25,"column":74}},"type":"cond-expr","locations":[{"start":{"line":25,"column":47},"end":{"line":25,"column":58}},{"start":{"line":25,"column":61},"end":{"line":25,"column":74}}],"line":25},"7":{"loc":{"start":{"line":27,"column":4},"end":{"line":30,"column":5}},"type":"if","locations":[{"start":{"line":27,"column":4},"end":{"line":30,"column":5}},{"start":{},"end":{}}],"line":27},"8":{"loc":{"start":{"line":34,"column":2},"end":{"line":37,"column":3}},"type":"if","locations":[{"start":{"line":34,"column":2},"end":{"line":37,"column":3}},{"start":{},"end":{}}],"line":34},"9":{"loc":{"start":{"line":36,"column":4},"end":{"line":36,"column":126}},"type":"if","locations":[{"start":{"line":36,"column":4},"end":{"line":36,"column":126}},{"start":{},"end":{}}],"line":36},"10":{"loc":{"start":{"line":40,"column":2},"end":{"line":42,"column":3}},"type":"if","locations":[{"start":{"line":40,"column":2},"end":{"line":42,"column":3}},{"start":{},"end":{}}],"line":40},"11":{"loc":{"start":{"line":40,"column":6},"end":{"line":40,"column":57}},"type":"binary-expr","locations":[{"start":{"line":40,"column":6},"end":{"line":40,"column":23}},{"start":{"line":40,"column":27},"end":{"line":40,"column":57}}],"line":40},"12":{"loc":{"start":{"line":47,"column":2},"end":{"line":62,"column":3}},"type":"if","locations":[{"start":{"line":47,"column":2},"end":{"line":62,"column":3}},{"start":{},"end":{}}],"line":47},"13":{"loc":{"start":{"line":48,"column":4},"end":{"line":49,"column":83}},"type":"if","locations":[{"start":{"line":48,"column":4},"end":{"line":49,"column":83}},{"start":{},"end":{}}],"line":48},"14":{"loc":{"start":{"line":48,"column":8},"end":{"line":48,"column":72}},"type":"binary-expr","locations":[{"start":{"line":48,"column":8},"end":{"line":48,"column":38}},{"start":{"line":48,"column":42},"end":{"line":48,"column":72}}],"line":48},"15":{"loc":{"start":{"line":50,"column":4},"end":{"line":51,"column":82}},"type":"if","locations":[{"start":{"line":50,"column":4},"end":{"line":51,"column":82}},{"start":{},"end":{}}],"line":50},"16":{"loc":{"start":{"line":50,"column":8},"end":{"line":50,"column":72}},"type":"binary-expr","locations":[{"start":{"line":50,"column":8},"end":{"line":50,"column":38}},{"start":{"line":50,"column":42},"end":{"line":50,"column":72}}],"line":50},"17":{"loc":{"start":{"line":52,"column":4},"end":{"line":57,"column":5}},"type":"if","locations":[{"start":{"line":52,"column":4},"end":{"line":57,"column":5}},{"start":{},"end":{}}],"line":52},"18":{"loc":{"start":{"line":54,"column":8},"end":{"line":55,"column":93}},"type":"if","locations":[{"start":{"line":54,"column":8},"end":{"line":55,"column":93}},{"start":{},"end":{}}],"line":54},"19":{"loc":{"start":{"line":58,"column":4},"end":{"line":61,"column":5}},"type":"if","locations":[{"start":{"line":58,"column":4},"end":{"line":61,"column":5}},{"start":{},"end":{}}],"line":58},"20":{"loc":{"start":{"line":60,"column":6},"end":{"line":60,"column":57}},"type":"if","locations":[{"start":{"line":60,"column":6},"end":{"line":60,"column":57}},{"start":{},"end":{}}],"line":60},"21":{"loc":{"start":{"line":65,"column":2},"end":{"line":78,"column":3}},"type":"if","locations":[{"start":{"line":65,"column":2},"end":{"line":78,"column":3}},{"start":{},"end":{}}],"line":65},"22":{"loc":{"start":{"line":65,"column":6},"end":{"line":65,"column":39}},"type":"binary-expr","locations":[{"start":{"line":65,"column":6},"end":{"line":65,"column":20}},{"start":{"line":65,"column":24},"end":{"line":65,"column":39}}],"line":65},"23":{"loc":{"start":{"line":66,"column":4},"end":{"line":67,"column":82}},"type":"if","locations":[{"start":{"line":66,"column":4},"end":{"line":67,"column":82}},{"start":{},"end":{}}],"line":66},"24":{"loc":{"start":{"line":66,"column":8},"end":{"line":66,"column":61}},"type":"binary-expr","locations":[{"start":{"line":66,"column":8},"end":{"line":66,"column":36}},{"start":{"line":66,"column":40},"end":{"line":66,"column":61}}],"line":66},"25":{"loc":{"start":{"line":68,"column":4},"end":{"line":69,"column":82}},"type":"if","locations":[{"start":{"line":68,"column":4},"end":{"line":69,"column":82}},{"start":{},"end":{}}],"line":68},"26":{"loc":{"start":{"line":68,"column":8},"end":{"line":68,"column":61}},"type":"binary-expr","locations":[{"start":{"line":68,"column":8},"end":{"line":68,"column":36}},{"start":{"line":68,"column":40},"end":{"line":68,"column":61}}],"line":68},"27":{"loc":{"start":{"line":70,"column":4},"end":{"line":71,"column":83}},"type":"if","locations":[{"start":{"line":70,"column":4},"end":{"line":71,"column":83}},{"start":{},"end":{}}],"line":70},"28":{"loc":{"start":{"line":70,"column":8},"end":{"line":70,"column":80}},"type":"binary-expr","locations":[{"start":{"line":70,"column":8},"end":{"line":70,"column":45}},{"start":{"line":70,"column":49},"end":{"line":70,"column":80}}],"line":70},"29":{"loc":{"start":{"line":72,"column":4},"end":{"line":73,"column":83}},"type":"if","locations":[{"start":{"line":72,"column":4},"end":{"line":73,"column":83}},{"start":{},"end":{}}],"line":72},"30":{"loc":{"start":{"line":72,"column":8},"end":{"line":72,"column":80}},"type":"binary-expr","locations":[{"start":{"line":72,"column":8},"end":{"line":72,"column":45}},{"start":{"line":72,"column":49},"end":{"line":72,"column":80}}],"line":72},"31":{"loc":{"start":{"line":74,"column":4},"end":{"line":75,"column":89}},"type":"if","locations":[{"start":{"line":74,"column":4},"end":{"line":75,"column":89}},{"start":{},"end":{}}],"line":74},"32":{"loc":{"start":{"line":74,"column":8},"end":{"line":74,"column":73}},"type":"binary-expr","locations":[{"start":{"line":74,"column":8},"end":{"line":74,"column":39}},{"start":{"line":74,"column":43},"end":{"line":74,"column":73}}],"line":74},"33":{"loc":{"start":{"line":76,"column":4},"end":{"line":77,"column":65}},"type":"if","locations":[{"start":{"line":76,"column":4},"end":{"line":77,"column":65}},{"start":{},"end":{}}],"line":76},"34":{"loc":{"start":{"line":76,"column":8},"end":{"line":76,"column":50}},"type":"binary-expr","locations":[{"start":{"line":76,"column":8},"end":{"line":76,"column":23}},{"start":{"line":76,"column":27},"end":{"line":76,"column":50}}],"line":76},"35":{"loc":{"start":{"line":81,"column":2},"end":{"line":100,"column":3}},"type":"if","locations":[{"start":{"line":81,"column":2},"end":{"line":100,"column":3}},{"start":{},"end":{}}],"line":81},"36":{"loc":{"start":{"line":82,"column":4},"end":{"line":83,"column":87}},"type":"if","locations":[{"start":{"line":82,"column":4},"end":{"line":83,"column":87}},{"start":{},"end":{}}],"line":82},"37":{"loc":{"start":{"line":82,"column":8},"end":{"line":82,"column":70}},"type":"binary-expr","locations":[{"start":{"line":82,"column":8},"end":{"line":82,"column":37}},{"start":{"line":82,"column":41},"end":{"line":82,"column":70}}],"line":82},"38":{"loc":{"start":{"line":84,"column":4},"end":{"line":85,"column":86}},"type":"if","locations":[{"start":{"line":84,"column":4},"end":{"line":85,"column":86}},{"start":{},"end":{}}],"line":84},"39":{"loc":{"start":{"line":84,"column":8},"end":{"line":84,"column":70}},"type":"binary-expr","locations":[{"start":{"line":84,"column":8},"end":{"line":84,"column":37}},{"start":{"line":84,"column":41},"end":{"line":84,"column":70}}],"line":84},"40":{"loc":{"start":{"line":86,"column":4},"end":{"line":90,"column":5}},"type":"if","locations":[{"start":{"line":86,"column":4},"end":{"line":90,"column":5}},{"start":{},"end":{}}],"line":86},"41":{"loc":{"start":{"line":88,"column":6},"end":{"line":89,"column":69}},"type":"if","locations":[{"start":{"line":88,"column":6},"end":{"line":89,"column":69}},{"start":{},"end":{}}],"line":88},"42":{"loc":{"start":{"line":91,"column":4},"end":{"line":99,"column":5}},"type":"if","locations":[{"start":{"line":91,"column":4},"end":{"line":99,"column":5}},{"start":{},"end":{}}],"line":91},"43":{"loc":{"start":{"line":92,"column":6},"end":{"line":98,"column":7}},"type":"if","locations":[{"start":{"line":92,"column":6},"end":{"line":98,"column":7}},{"start":{"line":96,"column":13},"end":{"line":98,"column":7}}],"line":92},"44":{"loc":{"start":{"line":94,"column":10},"end":{"line":94,"column":90}},"type":"if","locations":[{"start":{"line":94,"column":10},"end":{"line":94,"column":90}},{"start":{},"end":{}}],"line":94},"45":{"loc":{"start":{"line":103,"column":2},"end":{"line":133,"column":3}},"type":"if","locations":[{"start":{"line":103,"column":2},"end":{"line":133,"column":3}},{"start":{},"end":{}}],"line":103},"46":{"loc":{"start":{"line":104,"column":4},"end":{"line":108,"column":5}},"type":"if","locations":[{"start":{"line":104,"column":4},"end":{"line":108,"column":5}},{"start":{},"end":{}}],"line":104},"47":{"loc":{"start":{"line":106,"column":8},"end":{"line":106,"column":116}},"type":"if","locations":[{"start":{"line":106,"column":8},"end":{"line":106,"column":116}},{"start":{},"end":{}}],"line":106},"48":{"loc":{"start":{"line":109,"column":4},"end":{"line":110,"column":97}},"type":"if","locations":[{"start":{"line":109,"column":4},"end":{"line":110,"column":97}},{"start":{},"end":{}}],"line":109},"49":{"loc":{"start":{"line":109,"column":8},"end":{"line":109,"column":93}},"type":"binary-expr","locations":[{"start":{"line":109,"column":8},"end":{"line":109,"column":42}},{"start":{"line":109,"column":46},"end":{"line":109,"column":93}}],"line":109},"50":{"loc":{"start":{"line":111,"column":4},"end":{"line":112,"column":101}},"type":"if","locations":[{"start":{"line":111,"column":4},"end":{"line":112,"column":101}},{"start":{},"end":{}}],"line":111},"51":{"loc":{"start":{"line":111,"column":8},"end":{"line":111,"column":93}},"type":"binary-expr","locations":[{"start":{"line":111,"column":8},"end":{"line":111,"column":42}},{"start":{"line":111,"column":46},"end":{"line":111,"column":93}}],"line":111},"52":{"loc":{"start":{"line":114,"column":4},"end":{"line":118,"column":5}},"type":"if","locations":[{"start":{"line":114,"column":4},"end":{"line":118,"column":5}},{"start":{},"end":{}}],"line":114},"53":{"loc":{"start":{"line":116,"column":8},"end":{"line":116,"column":90}},"type":"if","locations":[{"start":{"line":116,"column":8},"end":{"line":116,"column":90}},{"start":{},"end":{}}],"line":116},"54":{"loc":{"start":{"line":119,"column":4},"end":{"line":124,"column":5}},"type":"if","locations":[{"start":{"line":119,"column":4},"end":{"line":124,"column":5}},{"start":{},"end":{}}],"line":119},"55":{"loc":{"start":{"line":120,"column":42},"end":{"line":120,"column":65}},"type":"binary-expr","locations":[{"start":{"line":120,"column":42},"end":{"line":120,"column":59}},{"start":{"line":120,"column":63},"end":{"line":120,"column":65}}],"line":120},"56":{"loc":{"start":{"line":122,"column":8},"end":{"line":122,"column":116}},"type":"if","locations":[{"start":{"line":122,"column":8},"end":{"line":122,"column":116}},{"start":{},"end":{}}],"line":122},"57":{"loc":{"start":{"line":125,"column":4},"end":{"line":132,"column":5}},"type":"if","locations":[{"start":{"line":125,"column":4},"end":{"line":132,"column":5}},{"start":{},"end":{}}],"line":125},"58":{"loc":{"start":{"line":129,"column":10},"end":{"line":129,"column":93}},"type":"if","locations":[{"start":{"line":129,"column":10},"end":{"line":129,"column":93}},{"start":{},"end":{}}],"line":129},"59":{"loc":{"start":{"line":136,"column":2},"end":{"line":138,"column":3}},"type":"if","locations":[{"start":{"line":136,"column":2},"end":{"line":138,"column":3}},{"start":{},"end":{}}],"line":136},"60":{"loc":{"start":{"line":139,"column":2},"end":{"line":146,"column":3}},"type":"if","locations":[{"start":{"line":139,"column":2},"end":{"line":146,"column":3}},{"start":{},"end":{}}],"line":139},"61":{"loc":{"start":{"line":145,"column":4},"end":{"line":145,"column":103}},"type":"if","locations":[{"start":{"line":145,"column":4},"end":{"line":145,"column":103}},{"start":{},"end":{}}],"line":145},"62":{"loc":{"start":{"line":147,"column":2},"end":{"line":154,"column":3}},"type":"if","locations":[{"start":{"line":147,"column":2},"end":{"line":154,"column":3}},{"start":{},"end":{}}],"line":147},"63":{"loc":{"start":{"line":153,"column":4},"end":{"line":153,"column":142}},"type":"if","locations":[{"start":{"line":153,"column":4},"end":{"line":153,"column":142}},{"start":{},"end":{}}],"line":153},"64":{"loc":{"start":{"line":155,"column":2},"end":{"line":159,"column":3}},"type":"if","locations":[{"start":{"line":155,"column":2},"end":{"line":159,"column":3}},{"start":{},"end":{}}],"line":155},"65":{"loc":{"start":{"line":158,"column":4},"end":{"line":158,"column":99}},"type":"if","locations":[{"start":{"line":158,"column":4},"end":{"line":158,"column":99}},{"start":{},"end":{}}],"line":158},"66":{"loc":{"start":{"line":162,"column":2},"end":{"line":167,"column":3}},"type":"if","locations":[{"start":{"line":162,"column":2},"end":{"line":167,"column":3}},{"start":{},"end":{}}],"line":162},"67":{"loc":{"start":{"line":165,"column":4},"end":{"line":165,"column":104}},"type":"if","locations":[{"start":{"line":165,"column":4},"end":{"line":165,"column":104}},{"start":{},"end":{}}],"line":165},"68":{"loc":{"start":{"line":165,"column":8},"end":{"line":165,"column":44}},"type":"binary-expr","locations":[{"start":{"line":165,"column":8},"end":{"line":165,"column":29}},{"start":{"line":165,"column":33},"end":{"line":165,"column":44}}],"line":165},"69":{"loc":{"start":{"line":166,"column":4},"end":{"line":166,"column":102}},"type":"if","locations":[{"start":{"line":166,"column":4},"end":{"line":166,"column":102}},{"start":{},"end":{}}],"line":166},"70":{"loc":{"start":{"line":166,"column":8},"end":{"line":166,"column":42}},"type":"binary-expr","locations":[{"start":{"line":166,"column":8},"end":{"line":166,"column":27}},{"start":{"line":166,"column":31},"end":{"line":166,"column":42}}],"line":166},"71":{"loc":{"start":{"line":171,"column":2},"end":{"line":171,"column":32}},"type":"if","locations":[{"start":{"line":171,"column":2},"end":{"line":171,"column":32}},{"start":{},"end":{}}],"line":171},"72":{"loc":{"start":{"line":172,"column":2},"end":{"line":172,"column":39}},"type":"if","locations":[{"start":{"line":172,"column":2},"end":{"line":172,"column":39}},{"start":{},"end":{}}],"line":172},"73":{"loc":{"start":{"line":173,"column":2},"end":{"line":173,"column":79}},"type":"if","locations":[{"start":{"line":173,"column":2},"end":{"line":173,"column":79}},{"start":{},"end":{}}],"line":173},"74":{"loc":{"start":{"line":173,"column":36},"end":{"line":173,"column":78}},"type":"cond-expr","locations":[{"start":{"line":173,"column":58},"end":{"line":173,"column":67}},{"start":{"line":173,"column":70},"end":{"line":173,"column":78}}],"line":173},"75":{"loc":{"start":{"line":182,"column":2},"end":{"line":182,"column":41}},"type":"if","locations":[{"start":{"line":182,"column":2},"end":{"line":182,"column":41}},{"start":{},"end":{}}],"line":182},"76":{"loc":{"start":{"line":186,"column":4},"end":{"line":186,"column":41}},"type":"if","locations":[{"start":{"line":186,"column":4},"end":{"line":186,"column":41}},{"start":{},"end":{}}],"line":186},"77":{"loc":{"start":{"line":186,"column":8},"end":{"line":186,"column":27}},"type":"binary-expr","locations":[{"start":{"line":186,"column":8},"end":{"line":186,"column":12}},{"start":{"line":186,"column":16},"end":{"line":186,"column":27}}],"line":186},"78":{"loc":{"start":{"line":203,"column":2},"end":{"line":203,"column":77}},"type":"if","locations":[{"start":{"line":203,"column":2},"end":{"line":203,"column":77}},{"start":{},"end":{}}],"line":203},"79":{"loc":{"start":{"line":203,"column":6},"end":{"line":203,"column":25}},"type":"binary-expr","locations":[{"start":{"line":203,"column":6},"end":{"line":203,"column":8}},{"start":{"line":203,"column":12},"end":{"line":203,"column":25}}],"line":203}},"s":{"0":42,"1":42,"2":42,"3":20,"4":76,"5":0,"6":76,"7":3,"8":3,"9":3,"10":3,"11":73,"12":34,"13":34,"14":34,"15":7,"16":7,"17":66,"18":4,"19":9,"20":4,"21":1,"22":3,"23":66,"24":2,"25":66,"26":66,"27":17,"28":1,"29":17,"30":1,"31":17,"32":4,"33":4,"34":1,"35":17,"36":2,"37":2,"38":1,"39":66,"40":26,"41":2,"42":26,"43":1,"44":26,"45":1,"46":26,"47":0,"48":26,"49":1,"50":26,"51":0,"52":66,"53":7,"54":1,"55":7,"56":0,"57":7,"58":4,"59":6,"60":4,"61":1,"62":7,"63":6,"64":2,"65":4,"66":4,"67":4,"68":6,"69":66,"70":14,"71":3,"72":3,"73":1,"74":14,"75":0,"76":14,"77":0,"78":14,"79":9,"80":12,"81":10,"82":14,"83":3,"84":3,"85":5,"86":1,"87":14,"88":0,"89":0,"90":0,"91":0,"92":0,"93":66,"94":0,"95":0,"96":66,"97":3,"98":5,"99":5,"100":5,"101":3,"102":1,"103":66,"104":0,"105":0,"106":0,"107":0,"108":0,"109":0,"110":66,"111":0,"112":0,"113":0,"114":0,"115":66,"116":3,"117":3,"118":3,"119":2,"120":3,"121":1,"122":100,"123":2,"124":98,"125":8,"126":90,"127":43,"128":47,"129":14,"130":3,"131":0,"132":3,"133":3,"134":3,"135":6,"136":0,"137":6,"138":3,"139":2,"140":2,"141":2,"142":1,"143":1},"f":{"0":42,"1":20,"2":76,"3":9,"4":3,"5":6,"6":4,"7":6,"8":5,"9":0,"10":100,"11":14,"12":3,"13":2},"b":{"0":[5,15],"1":[0,76],"2":[76,76],"3":[3,73],"4":[3,0],"5":[34,39],"6":[0,34],"7":[7,27],"8":[4,62],"9":[1,3],"10":[2,64],"11":[66,5],"12":[17,49],"13":[1,16],"14":[17,4],"15":[1,16],"16":[17,4],"17":[4,13],"18":[1,3],"19":[2,15],"20":[1,1],"21":[26,40],"22":[66,65],"23":[2,24],"24":[26,6],"25":[1,25],"26":[26,4],"27":[1,25],"28":[26,2],"29":[0,26],"30":[26,0],"31":[1,25],"32":[26,4],"33":[0,26],"34":[26,25],"35":[7,59],"36":[1,6],"37":[7,4],"38":[0,7],"39":[7,0],"40":[4,3],"41":[1,3],"42":[6,1],"43":[2,4],"44":[4,0],"45":[14,52],"46":[3,11],"47":[1,2],"48":[0,14],"49":[14,0],"50":[0,14],"51":[14,0],"52":[9,5],"53":[10,2],"54":[3,11],"55":[3,0],"56":[1,4],"57":[0,14],"58":[0,0],"59":[0,66],"60":[3,63],"61":[1,2],"62":[0,66],"63":[0,0],"64":[0,66],"65":[0,0],"66":[3,63],"67":[2,1],"68":[3,2],"69":[1,2],"70":[3,1],"71":[2,98],"72":[8,90],"73":[43,47],"74":[41,2],"75":[0,3],"76":[0,6],"77":[6,6],"78":[1,1],"79":[2,2]},"inputSourceMap":null,"_coverageSchema":"1a1c01bbd47fc00a2c39e90264f33305004495a9","hash":"919cf12cdb1ff91607e874188be6ddd2aa5a9e68"}
}
