TN:
SF:ui/app.js
FN:27,(anonymous_0)
FN:44,(anonymous_1)
FN:55,(anonymous_2)
FN:65,(anonymous_3)
FN:77,(anonymous_4)
FN:107,(anonymous_5)
FN:158,(anonymous_6)
FN:187,(anonymous_7)
FN:214,(anonymous_8)
FN:216,(anonymous_9)
FN:217,(anonymous_10)
FN:221,(anonymous_11)
FN:222,(anonymous_12)
FN:223,(anonymous_13)
FN:238,(anonymous_14)
FN:240,(anonymous_15)
FN:242,(anonymous_16)
FN:252,(anonymous_17)
FN:260,(anonymous_18)
FN:269,(anonymous_19)
FN:279,(anonymous_20)
FN:280,(anonymous_21)
FN:283,(anonymous_22)
FN:289,(anonymous_23)
FN:292,(anonymous_24)
FN:295,(anonymous_25)
FN:299,(anonymous_26)
FN:302,(anonymous_27)
FN:311,(anonymous_28)
FN:338,(anonymous_29)
FN:339,(anonymous_30)
FN:340,(anonymous_31)
FN:341,(anonymous_32)
FN:342,(anonymous_33)
FN:345,(anonymous_34)
FN:351,(anonymous_35)
FN:355,(anonymous_36)
FN:356,(anonymous_37)
FN:357,(anonymous_38)
FN:363,(anonymous_39)
FN:368,(anonymous_40)
FN:370,(anonymous_41)
FN:376,(anonymous_42)
FN:378,(anonymous_43)
FN:380,(anonymous_44)
FN:390,(anonymous_45)
FN:392,(anonymous_46)
FN:407,(anonymous_47)
FN:415,(anonymous_48)
FN:418,(anonymous_49)
FN:419,(anonymous_50)
FN:422,(anonymous_51)
FN:423,(anonymous_52)
FN:428,(anonymous_53)
FN:431,(anonymous_54)
FN:435,(anonymous_55)
FN:456,(anonymous_56)
FN:472,(anonymous_57)
FN:476,(anonymous_58)
FN:525,(anonymous_59)
FN:532,(anonymous_60)
FN:547,(anonymous_61)
FN:558,(anonymous_62)
FN:573,(anonymous_63)
FN:581,(anonymous_64)
FN:590,(anonymous_65)
FN:591,(anonymous_66)
FN:594,(anonymous_67)
FN:603,(anonymous_68)
FN:610,(anonymous_69)
FN:624,(anonymous_70)
FN:644,(anonymous_71)
FN:651,(anonymous_72)
FN:652,(anonymous_73)
FN:655,(anonymous_74)
FN:670,(anonymous_75)
FN:683,(anonymous_76)
FN:688,(anonymous_77)
FN:696,(anonymous_78)
FN:703,(anonymous_79)
FN:713,(anonymous_80)
FN:719,(anonymous_81)
FN:722,(anonymous_82)
FN:741,(anonymous_83)
FN:742,(anonymous_84)
FN:770,(anonymous_85)
FN:773,(anonymous_86)
FNF:87
FNH:33
FNDA:5,(anonymous_0)
FNDA:5,(anonymous_1)
FNDA:5,(anonymous_2)
FNDA:5,(anonymous_3)
FNDA:5,(anonymous_4)
FNDA:5,(anonymous_5)
FNDA:5,(anonymous_6)
FNDA:5,(anonymous_7)
FNDA:5,(anonymous_8)
FNDA:15,(anonymous_9)
FNDA:1,(anonymous_10)
FNDA:15,(anonymous_11)
FNDA:0,(anonymous_12)
FNDA:0,(anonymous_13)
FNDA:1,(anonymous_14)
FNDA:1,(anonymous_15)
FNDA:1,(anonymous_16)
FNDA:0,(anonymous_17)
FNDA:0,(anonymous_18)
FNDA:0,(anonymous_19)
FNDA:0,(anonymous_20)
FNDA:0,(anonymous_21)
FNDA:0,(anonymous_22)
FNDA:0,(anonymous_23)
FNDA:0,(anonymous_24)
FNDA:0,(anonymous_25)
FNDA:1,(anonymous_26)
FNDA:0,(anonymous_27)
FNDA:0,(anonymous_28)
FNDA:5,(anonymous_29)
FNDA:0,(anonymous_30)
FNDA:0,(anonymous_31)
FNDA:0,(anonymous_32)
FNDA:0,(anonymous_33)
FNDA:0,(anonymous_34)
FNDA:5,(anonymous_35)
FNDA:0,(anonymous_36)
FNDA:0,(anonymous_37)
FNDA:0,(anonymous_38)
FNDA:0,(anonymous_39)
FNDA:0,(anonymous_40)
FNDA:0,(anonymous_41)
FNDA:5,(anonymous_42)
FNDA:0,(anonymous_43)
FNDA:0,(anonymous_44)
FNDA:1,(anonymous_45)
FNDA:3,(anonymous_46)
FNDA:0,(anonymous_47)
FNDA:5,(anonymous_48)
FNDA:0,(anonymous_49)
FNDA:0,(anonymous_50)
FNDA:0,(anonymous_51)
FNDA:0,(anonymous_52)
FNDA:0,(anonymous_53)
FNDA:0,(anonymous_54)
FNDA:0,(anonymous_55)
FNDA:0,(anonymous_56)
FNDA:0,(anonymous_57)
FNDA:0,(anonymous_58)
FNDA:0,(anonymous_59)
FNDA:1,(anonymous_60)
FNDA:1,(anonymous_61)
FNDA:0,(anonymous_62)
FNDA:1,(anonymous_63)
FNDA:1,(anonymous_64)
FNDA:1,(anonymous_65)
FNDA:0,(anonymous_66)
FNDA:0,(anonymous_67)
FNDA:1,(anonymous_68)
FNDA:0,(anonymous_69)
FNDA:0,(anonymous_70)
FNDA:0,(anonymous_71)
FNDA:0,(anonymous_72)
FNDA:0,(anonymous_73)
FNDA:0,(anonymous_74)
FNDA:0,(anonymous_75)
FNDA:5,(anonymous_76)
FNDA:1,(anonymous_77)
FNDA:0,(anonymous_78)
FNDA:0,(anonymous_79)
FNDA:0,(anonymous_80)
FNDA:0,(anonymous_81)
FNDA:0,(anonymous_82)
FNDA:5,(anonymous_83)
FNDA:5,(anonymous_84)
FNDA:2,(anonymous_85)
FNDA:0,(anonymous_86)
DA:10,1
DA:28,5
DA:29,5
DA:30,5
DA:31,5
DA:32,5
DA:33,5
DA:34,5
DA:35,5
DA:36,5
DA:37,5
DA:38,5
DA:39,5
DA:40,5
DA:41,5
DA:42,5
DA:44,5
DA:45,5
DA:46,5
DA:47,5
DA:48,0
DA:50,5
DA:56,5
DA:57,5
DA:58,5
DA:59,5
DA:61,0
DA:66,5
DA:67,5
DA:68,0
DA:69,0
DA:71,5
DA:73,5
DA:78,5
DA:79,5
DA:101,5
DA:102,5
DA:103,5
DA:104,5
DA:108,5
DA:159,5
DA:188,5
DA:216,5
DA:217,15
DA:221,5
DA:222,15
DA:223,0
DA:224,0
DA:225,0
DA:226,0
DA:227,0
DA:232,0
DA:237,5
DA:238,5
DA:239,1
DA:240,1
DA:242,5
DA:243,1
DA:244,0
DA:245,0
DA:246,0
DA:252,5
DA:253,0
DA:254,0
DA:255,0
DA:256,0
DA:260,5
DA:261,0
DA:262,0
DA:263,0
DA:265,0
DA:269,5
DA:270,0
DA:271,0
DA:272,0
DA:274,0
DA:279,5
DA:280,5
DA:283,5
DA:284,0
DA:285,0
DA:289,5
DA:292,5
DA:293,0
DA:294,0
DA:295,0
DA:299,5
DA:302,5
DA:303,0
DA:304,0
DA:305,0
DA:306,0
DA:307,0
DA:308,0
DA:311,5
DA:312,0
DA:313,0
DA:314,0
DA:315,0
DA:318,0
DA:319,0
DA:320,0
DA:321,0
DA:322,0
DA:324,0
DA:325,0
DA:326,0
DA:327,0
DA:329,0
DA:333,0
DA:334,0
DA:339,5
DA:340,5
DA:341,5
DA:342,5
DA:343,0
DA:345,5
DA:346,0
DA:347,0
DA:352,5
DA:353,5
DA:355,5
DA:356,5
DA:357,5
DA:358,0
DA:359,0
DA:360,0
DA:361,0
DA:362,0
DA:363,0
DA:364,0
DA:368,5
DA:369,0
DA:370,0
DA:371,0
DA:377,5
DA:378,5
DA:379,0
DA:380,0
DA:381,0
DA:382,0
DA:383,0
DA:384,0
DA:391,1
DA:392,3
DA:393,1
DA:394,1
DA:395,1
DA:397,1
DA:398,1
DA:399,1
DA:400,1
DA:401,1
DA:404,1
DA:405,0
DA:406,0
DA:407,0
DA:408,0
DA:409,0
DA:412,1
DA:416,5
DA:417,5
DA:418,0
DA:419,0
DA:421,5
DA:422,5
DA:423,5
DA:424,0
DA:429,0
DA:430,0
DA:431,0
DA:436,0
DA:437,0
DA:438,0
DA:441,0
DA:442,0
DA:445,0
DA:446,0
DA:453,0
DA:456,0
DA:457,0
DA:458,0
DA:459,0
DA:460,0
DA:461,0
DA:463,0
DA:464,0
DA:466,0
DA:467,0
DA:470,0
DA:472,0
DA:473,0
DA:474,0
DA:475,0
DA:476,0
DA:479,0
DA:481,0
DA:482,0
DA:483,0
DA:484,0
DA:485,0
DA:486,0
DA:487,0
DA:488,0
DA:489,0
DA:490,0
DA:494,0
DA:495,0
DA:498,0
DA:499,0
DA:502,0
DA:503,0
DA:506,0
DA:510,0
DA:514,0
DA:519,0
DA:520,0
DA:526,0
DA:527,0
DA:528,0
DA:533,1
DA:534,1
DA:536,1
DA:537,0
DA:538,0
DA:539,0
DA:540,0
DA:541,0
DA:544,1
DA:545,1
DA:546,1
DA:547,1
DA:548,1
DA:549,0
DA:550,0
DA:551,0
DA:552,0
DA:553,0
DA:554,0
DA:555,0
DA:557,0
DA:558,0
DA:559,0
DA:560,0
DA:561,0
DA:562,0
DA:563,0
DA:564,0
DA:566,0
DA:567,0
DA:569,0
DA:574,1
DA:575,1
DA:576,0
DA:577,0
DA:578,0
DA:581,1
DA:582,1
DA:583,1
DA:584,1
DA:590,1
DA:591,1
DA:592,0
DA:593,0
DA:594,0
DA:595,0
DA:599,1
DA:604,1
DA:605,1
DA:606,1
DA:607,1
DA:611,0
DA:612,0
DA:613,0
DA:614,0
DA:615,0
DA:616,0
DA:617,0
DA:618,0
DA:620,0
DA:625,0
DA:626,0
DA:629,0
DA:630,0
DA:632,0
DA:633,0
DA:636,0
DA:637,0
DA:639,0
DA:640,0
DA:641,0
DA:644,0
DA:651,0
DA:652,0
DA:653,0
DA:654,0
DA:655,0
DA:659,0
DA:660,0
DA:663,0
DA:664,0
DA:665,0
DA:671,0
DA:672,0
DA:673,0
DA:674,0
DA:675,0
DA:676,0
DA:677,0
DA:680,0
DA:684,5
DA:685,5
DA:689,1
DA:690,1
DA:691,1
DA:692,1
DA:693,1
DA:695,0
DA:696,0
DA:697,0
DA:704,0
DA:705,0
DA:706,0
DA:707,0
DA:708,0
DA:709,0
DA:710,0
DA:714,0
DA:715,0
DA:716,0
DA:717,0
DA:718,0
DA:719,0
DA:723,0
DA:724,0
DA:737,0
DA:738,0
DA:742,5
DA:743,5
DA:744,5
DA:746,5
DA:747,5
DA:748,5
DA:749,5
DA:751,0
DA:752,0
DA:753,0
DA:755,0
DA:757,0
DA:758,0
DA:760,0
DA:761,0
DA:762,0
DA:764,0
DA:765,0
DA:771,2
DA:774,0
DA:779,1
DA:780,0
LF:359
LH:126
BRDA:29,0,0,5
BRDA:29,0,1,0
BRDA:29,1,0,0
BRDA:29,1,1,0
BRDA:47,2,0,0
BRDA:47,2,1,5
BRDA:58,3,0,5
BRDA:58,3,1,0
BRDA:67,4,0,0
BRDA:67,4,1,5
BRDA:69,5,0,0
BRDA:69,5,1,0
BRDA:71,6,0,0
BRDA:71,6,1,5
BRDA:232,7,0,0
BRDA:232,7,1,0
BRDA:243,8,0,0
BRDA:243,8,1,1
BRDA:245,9,0,0
BRDA:245,9,1,0
BRDA:256,10,0,0
BRDA:256,10,1,0
BRDA:261,11,0,0
BRDA:261,11,1,0
BRDA:270,12,0,0
BRDA:270,12,1,0
BRDA:293,13,0,0
BRDA:293,13,1,0
BRDA:304,14,0,0
BRDA:304,14,1,0
BRDA:308,15,0,0
BRDA:308,15,1,0
BRDA:312,16,0,0
BRDA:312,16,1,0
BRDA:312,17,0,0
BRDA:312,17,1,0
BRDA:320,18,0,0
BRDA:320,18,1,0
BRDA:320,19,0,0
BRDA:320,19,1,0
BRDA:321,20,0,0
BRDA:321,20,1,0
BRDA:322,21,0,0
BRDA:322,21,1,0
BRDA:324,22,0,0
BRDA:324,22,1,0
BRDA:326,23,0,0
BRDA:326,23,1,0
BRDA:361,24,0,0
BRDA:361,24,1,0
BRDA:371,25,0,0
BRDA:371,25,1,0
BRDA:383,26,0,0
BRDA:383,26,1,0
BRDA:384,27,0,0
BRDA:384,27,1,0
BRDA:397,28,0,1
BRDA:397,28,1,0
BRDA:399,29,0,1
BRDA:399,29,1,0
BRDA:400,30,0,1
BRDA:400,30,1,0
BRDA:404,31,0,0
BRDA:404,31,1,1
BRDA:404,32,0,1
BRDA:404,32,1,0
BRDA:404,32,2,0
BRDA:424,33,0,0
BRDA:424,33,1,0
BRDA:436,34,0,0
BRDA:436,34,1,0
BRDA:484,35,0,0
BRDA:484,35,1,0
BRDA:485,36,0,0
BRDA:485,36,1,0
BRDA:486,37,0,0
BRDA:486,37,1,0
BRDA:487,38,0,0
BRDA:487,38,1,0
BRDA:488,39,0,0
BRDA:488,39,1,0
BRDA:489,40,0,0
BRDA:489,40,1,0
BRDA:490,41,0,0
BRDA:490,41,1,0
BRDA:536,42,0,0
BRDA:536,42,1,1
BRDA:536,43,0,1
BRDA:536,43,1,1
BRDA:544,44,0,1
BRDA:544,44,1,0
BRDA:546,45,0,0
BRDA:546,45,1,1
BRDA:549,46,0,0
BRDA:549,46,1,0
BRDA:551,47,0,0
BRDA:551,47,1,0
BRDA:557,48,0,0
BRDA:557,48,1,0
BRDA:560,49,0,0
BRDA:560,49,1,0
BRDA:562,50,0,0
BRDA:562,50,1,0
BRDA:563,51,0,0
BRDA:563,51,1,0
BRDA:575,52,0,0
BRDA:575,52,1,1
BRDA:582,53,0,1
BRDA:582,53,1,0
BRDA:583,54,0,0
BRDA:583,54,1,1
BRDA:583,55,0,0
BRDA:583,55,1,0
BRDA:605,56,0,0
BRDA:605,56,1,1
BRDA:612,57,0,0
BRDA:612,57,1,0
BRDA:615,58,0,0
BRDA:615,58,1,0
BRDA:639,59,0,0
BRDA:639,59,1,0
BRDA:660,60,0,0
BRDA:660,60,1,0
BRDA:672,61,0,0
BRDA:672,61,1,0
BRDA:673,62,0,0
BRDA:673,62,1,0
BRDA:675,63,0,0
BRDA:675,63,1,0
BRDA:685,64,0,5
BRDA:685,64,1,0
BRDA:690,65,0,0
BRDA:690,65,1,1
BRDA:691,66,0,1
BRDA:691,66,1,0
BRDA:697,67,0,0
BRDA:697,67,1,0
BRDA:708,68,0,0
BRDA:708,68,1,0
BRDA:713,69,0,0
BRDA:727,70,0,0
BRDA:727,70,1,0
BRDA:744,71,0,5
BRDA:744,71,1,1
BRDA:746,72,0,5
BRDA:746,72,1,0
BRDA:746,73,0,5
BRDA:746,73,1,5
BRDA:746,73,2,0
BRDA:751,74,0,0
BRDA:751,74,1,0
BRDA:751,75,0,0
BRDA:751,75,1,0
BRDA:751,75,2,0
BRDA:751,75,3,0
BRDA:755,76,0,0
BRDA:755,76,1,0
BRDA:755,77,0,0
BRDA:755,77,1,0
BRDA:755,77,2,0
BRDA:755,77,3,0
BRDA:755,77,4,0
BRDA:755,77,5,0
BRDA:755,77,6,0
BRDA:760,78,0,0
BRDA:760,78,1,0
BRDA:760,79,0,0
BRDA:760,79,1,0
BRDA:760,79,2,0
BRDA:764,80,0,0
BRDA:764,80,1,0
BRDA:779,81,0,0
BRDA:779,81,1,1
BRDA:779,82,0,1
BRDA:779,82,1,1
BRF:175
BRH:31
end_of_record
TN:
SF:ui/diff.js
FN:3,diffJSON
FN:8,(anonymous_1)
FN:14,(anonymous_2)
FN:33,(anonymous_3)
FN:145,buildDiffMap
FN:156,diffStats
FNF:6
FNH:5
FNDA:7,diffJSON
FNDA:79,(anonymous_1)
FNDA:29,(anonymous_2)
FNDA:25,(anonymous_3)
FNDA:0,buildDiffMap
FNDA:1,diffStats
DA:4,7
DA:5,7
DA:6,7
DA:8,7
DA:9,79
DA:10,79
DA:11,71
DA:14,7
DA:15,29
DA:16,29
DA:17,29
DA:19,2
DA:20,2
DA:21,2
DA:22,2
DA:23,3
DA:24,3
DA:25,3
DA:28,0
DA:30,2
DA:33,7
DA:34,25
DA:35,25
DA:36,25
DA:37,25
DA:39,25
DA:40,0
DA:41,0
DA:44,25
DA:45,6
DA:46,6
DA:47,6
DA:48,6
DA:50,6
DA:51,8
DA:52,8
DA:53,1
DA:54,1
DA:56,7
DA:57,7
DA:58,7
DA:59,7
DA:60,7
DA:63,6
DA:64,9
DA:65,9
DA:66,2
DA:67,2
DA:70,6
DA:73,19
DA:74,4
DA:75,4
DA:76,4
DA:77,13
DA:78,13
DA:79,13
DA:81,13
DA:82,10
DA:83,10
DA:84,10
DA:85,10
DA:86,10
DA:87,10
DA:88,10
DA:91,3
DA:92,3
DA:93,2
DA:95,3
DA:96,1
DA:97,1
DA:98,1
DA:100,1
DA:101,1
DA:104,2
DA:105,2
DA:106,1
DA:108,2
DA:109,1
DA:110,1
DA:111,1
DA:113,1
DA:114,1
DA:117,1
DA:118,1
DA:119,1
DA:120,1
DA:121,1
DA:122,1
DA:123,0
DA:124,0
DA:125,0
DA:126,0
DA:128,0
DA:129,0
DA:130,0
DA:133,4
DA:136,15
DA:137,1
DA:141,7
DA:142,7
DA:147,0
DA:148,0
DA:149,0
DA:150,0
DA:151,0
DA:153,0
DA:157,1
DA:158,1
DA:159,4
DA:160,4
DA:161,2
DA:162,1
DA:164,1
LF:113
LH:97
BRDA:9,0,0,0
BRDA:9,0,1,79
BRDA:10,1,0,8
BRDA:10,1,1,71
BRDA:16,2,0,0
BRDA:16,2,1,29
BRDA:17,3,0,27
BRDA:17,3,1,2
BRDA:17,4,0,29
BRDA:17,4,1,27
BRDA:21,5,0,2
BRDA:21,5,1,0
BRDA:25,6,0,0
BRDA:25,6,1,3
BRDA:25,7,0,3
BRDA:25,7,1,3
BRDA:25,8,0,0
BRDA:25,8,1,0
BRDA:39,9,0,0
BRDA:39,9,1,25
BRDA:44,10,0,6
BRDA:44,10,1,19
BRDA:52,11,0,1
BRDA:52,11,1,7
BRDA:65,12,0,2
BRDA:65,12,1,7
BRDA:73,13,0,4
BRDA:73,13,1,15
BRDA:76,14,0,17
BRDA:76,14,1,4
BRDA:77,15,0,13
BRDA:77,15,1,0
BRDA:77,16,0,13
BRDA:77,16,1,13
BRDA:81,17,0,10
BRDA:81,17,1,3
BRDA:93,18,0,1
BRDA:93,18,1,1
BRDA:95,19,0,1
BRDA:95,19,1,2
BRDA:106,20,0,1
BRDA:106,20,1,0
BRDA:108,21,0,1
BRDA:108,21,1,1
BRDA:123,22,0,0
BRDA:123,22,1,0
BRDA:136,23,0,1
BRDA:136,23,1,14
BRDA:150,24,0,0
BRDA:150,24,1,0
BRDA:160,25,0,2
BRDA:160,25,1,2
BRDA:161,26,0,1
BRDA:161,26,1,1
BRF:54
BRH:41
end_of_record
TN:
SF:ui/model.js
FN:6,(anonymous_0)
FN:17,(anonymous_1)
FN:35,(anonymous_2)
FN:36,(anonymous_3)
FN:37,(anonymous_4)
FN:40,(anonymous_5)
FN:45,(anonymous_6)
FN:52,(anonymous_7)
FN:61,(anonymous_8)
FN:76,(anonymous_9)
FN:92,(anonymous_10)
FN:102,(anonymous_11)
FN:114,(anonymous_12)
FN:126,(anonymous_13)
FN:134,(anonymous_14)
FN:142,(anonymous_15)
FN:148,(anonymous_16)
FN:152,(anonymous_17)
FN:166,(anonymous_18)
FN:168,(anonymous_19)
FN:171,(anonymous_20)
FN:177,(anonymous_21)
FN:178,(anonymous_22)
FNF:23
FNH:19
FNDA:24,(anonymous_0)
FNDA:24,(anonymous_1)
FNDA:48,(anonymous_2)
FNDA:25,(anonymous_3)
FNDA:2,(anonymous_4)
FNDA:68,(anonymous_5)
FNDA:66,(anonymous_6)
FNDA:4,(anonymous_7)
FNDA:63,(anonymous_8)
FNDA:1,(anonymous_9)
FNDA:1,(anonymous_10)
FNDA:1,(anonymous_11)
FNDA:0,(anonymous_12)
FNDA:1,(anonymous_13)
FNDA:1,(anonymous_14)
FNDA:0,(anonymous_15)
FNDA:2,(anonymous_16)
FNDA:2,(anonymous_17)
FNDA:12,(anonymous_18)
FNDA:0,(anonymous_19)
FNDA:68,(anonymous_20)
FNDA:1,(anonymous_21)
FNDA:0,(anonymous_22)
DA:3,3
DA:7,24
DA:8,24
DA:9,24
DA:10,24
DA:11,24
DA:12,24
DA:13,24
DA:14,24
DA:18,24
DA:19,0
DA:20,0
DA:21,0
DA:22,0
DA:24,24
DA:25,24
DA:26,23
DA:27,23
DA:29,1
DA:30,1
DA:31,1
DA:35,48
DA:36,25
DA:37,2
DA:41,68
DA:42,68
DA:46,66
DA:47,66
DA:48,66
DA:53,4
DA:54,4
DA:55,7
DA:56,6
DA:58,3
DA:62,63
DA:63,63
DA:64,63
DA:65,0
DA:67,63
DA:68,63
DA:69,0
DA:71,63
DA:73,63
DA:77,1
DA:78,1
DA:79,1
DA:80,1
DA:81,1
DA:83,1
DA:84,1
DA:85,1
DA:87,0
DA:89,1
DA:93,1
DA:94,1
DA:95,1
DA:96,1
DA:97,1
DA:99,1
DA:100,1
DA:101,1
DA:102,1
DA:103,1
DA:104,1
DA:105,1
DA:106,1
DA:107,1
DA:109,0
DA:111,1
DA:115,0
DA:116,0
DA:117,0
DA:118,0
DA:119,0
DA:120,0
DA:121,0
DA:123,0
DA:127,1
DA:128,1
DA:129,1
DA:130,1
DA:131,1
DA:135,1
DA:136,1
DA:137,1
DA:138,1
DA:139,1
DA:143,0
DA:144,0
DA:145,0
DA:149,2
DA:153,2
DA:154,2
DA:155,1
DA:156,1
DA:157,1
DA:158,1
DA:159,1
DA:160,1
DA:162,1
DA:167,12
DA:168,12
DA:172,68
DA:173,2
DA:177,1
DA:178,0
LF:106
LH:86
BRDA:18,0,0,0
BRDA:18,0,1,24
BRDA:41,1,0,0
BRDA:41,1,1,68
BRDA:41,2,0,68
BRDA:41,2,1,68
BRDA:47,3,0,10
BRDA:47,3,1,56
BRDA:55,4,0,1
BRDA:55,4,1,6
BRDA:62,5,0,0
BRDA:62,5,1,63
BRDA:64,6,0,0
BRDA:64,6,1,63
BRDA:77,7,0,0
BRDA:77,7,1,1
BRDA:77,8,0,1
BRDA:77,8,1,1
BRDA:84,9,0,1
BRDA:84,9,1,0
BRDA:93,10,0,0
BRDA:93,10,1,1
BRDA:93,11,0,1
BRDA:93,11,1,1
BRDA:100,12,0,0
BRDA:100,12,1,1
BRDA:102,13,0,1
BRDA:102,13,1,0
BRDA:105,14,0,1
BRDA:105,14,1,0
BRDA:115,15,0,0
BRDA:115,15,1,0
BRDA:117,16,0,0
BRDA:117,16,1,0
BRDA:118,17,0,0
BRDA:118,17,1,0
BRDA:120,18,0,0
BRDA:120,18,1,0
BRDA:120,19,0,0
BRDA:120,19,1,0
BRDA:127,20,0,0
BRDA:127,20,1,1
BRDA:135,21,0,0
BRDA:135,21,1,1
BRDA:148,22,0,2
BRDA:173,23,0,2
BRDA:173,23,1,0
BRDA:173,24,0,2
BRDA:173,24,1,0
BRF:49
BRH:25
end_of_record
TN:
SF:ui/search.js
FN:4,textSearch
FN:8,visit
FN:40,jsonPath
FN:54,tokenize
FN:104,evaluate
FN:122,(anonymous_5)
FN:124,(anonymous_6)
FN:128,(anonymous_7)
FN:151,collectAll
FN:154,(anonymous_9)
FN:156,(anonymous_10)
FN:160,evalFilter
FN:183,jqLite
FN:193,applyJq
FN:203,splitPipes
FN:219,applyOp
FN:227,(anonymous_16)
FN:227,(anonymous_17)
FN:235,(anonymous_18)
FN:243,(anonymous_19)
FN:260,(anonymous_20)
FN:269,(anonymous_21)
FN:277,(anonymous_22)
FN:278,(anonymous_23)
FN:284,(anonymous_24)
FNF:25
FNH:16
FNDA:4,textSearch
FNDA:68,visit
FNDA:3,jsonPath
FNDA:3,tokenize
FNDA:15,evaluate
FNDA:3,(anonymous_5)
FNDA:0,(anonymous_6)
FNDA:3,(anonymous_7)
FNDA:0,collectAll
FNDA:0,(anonymous_9)
FNDA:0,(anonymous_10)
FNDA:3,evalFilter
FNDA:6,jqLite
FNDA:9,applyJq
FNDA:9,splitPipes
FNDA:14,applyOp
FNDA:4,(anonymous_16)
FNDA:3,(anonymous_17)
FNDA:0,(anonymous_18)
FNDA:0,(anonymous_19)
FNDA:3,(anonymous_20)
FNDA:3,(anonymous_21)
FNDA:0,(anonymous_22)
FNDA:0,(anonymous_23)
FNDA:0,(anonymous_24)
DA:5,4
DA:6,4
DA:9,68
DA:10,68
DA:12,68
DA:13,46
DA:14,46
DA:15,1
DA:20,68
DA:21,64
DA:22,64
DA:23,64
DA:24,2
DA:28,68
DA:29,49
DA:30,52
DA:31,15
DA:35,4
DA:36,4
DA:42,3
DA:44,3
DA:45,3
DA:46,3
DA:48,0
DA:51,3
DA:55,3
DA:56,3
DA:57,3
DA:58,3
DA:59,3
DA:60,8
DA:61,5
DA:62,5
DA:63,0
DA:65,0
DA:66,0
DA:67,0
DA:68,5
DA:69,0
DA:71,5
DA:72,22
DA:73,5
DA:75,3
DA:76,3
DA:77,3
DA:78,3
DA:79,3
DA:80,18
DA:81,18
DA:82,18
DA:84,3
DA:85,3
DA:87,3
DA:88,1
DA:89,2
DA:90,1
DA:91,1
DA:92,1
DA:94,0
DA:95,0
DA:98,0
DA:101,3
DA:105,15
DA:106,5
DA:107,5
DA:110,10
DA:112,10
DA:113,7
DA:114,7
DA:116,3
DA:117,1
DA:118,1
DA:120,2
DA:121,1
DA:122,3
DA:123,0
DA:124,0
DA:126,1
DA:127,1
DA:128,1
DA:129,3
DA:130,1
DA:134,0
DA:136,0
DA:137,0
DA:139,0
DA:140,0
DA:143,0
DA:144,0
DA:145,0
DA:152,0
DA:153,0
DA:154,0
DA:155,0
DA:156,0
DA:162,3
DA:163,3
DA:164,3
DA:165,3
DA:166,3
DA:167,3
DA:169,3
DA:170,3
DA:171,0
DA:172,0
DA:173,3
DA:174,0
DA:175,0
DA:176,0
DA:178,0
DA:179,0
DA:184,6
DA:185,6
DA:186,6
DA:187,5
DA:189,1
DA:195,9
DA:196,9
DA:197,9
DA:198,14
DA:200,8
DA:204,9
DA:205,9
DA:206,9
DA:207,121
DA:208,121
DA:209,118
DA:210,115
DA:211,5
DA:213,116
DA:215,9
DA:216,9
DA:220,14
DA:221,14
DA:222,13
DA:223,13
DA:224,12
DA:225,12
DA:226,12
DA:227,11
DA:228,10
DA:229,10
DA:232,10
DA:233,10
DA:234,7
DA:235,7
DA:236,7
DA:240,3
DA:241,3
DA:242,0
DA:243,0
DA:244,0
DA:248,3
DA:249,3
DA:250,0
DA:251,0
DA:252,0
DA:256,3
DA:257,3
DA:258,1
DA:259,1
DA:260,3
DA:261,0
DA:265,2
DA:266,2
DA:267,1
DA:268,1
DA:269,3
DA:273,1
DA:274,1
DA:277,1
DA:278,1
DA:281,1
DA:282,0
DA:283,0
DA:284,0
DA:285,0
DA:286,0
DA:288,0
DA:291,1
LF:180
LH:136
BRDA:4,0,0,2
BRDA:6,1,0,1
BRDA:6,1,1,3
BRDA:9,2,0,0
BRDA:9,2,1,68
BRDA:9,3,0,6
BRDA:9,3,1,62
BRDA:12,4,0,46
BRDA:12,4,1,22
BRDA:12,5,0,68
BRDA:12,5,1,52
BRDA:13,6,0,15
BRDA:13,6,1,31
BRDA:14,7,0,1
BRDA:14,7,1,45
BRDA:20,8,0,64
BRDA:20,8,1,4
BRDA:22,9,0,21
BRDA:22,9,1,43
BRDA:23,10,0,2
BRDA:23,10,1,62
BRDA:28,11,0,16
BRDA:28,11,1,52
BRDA:30,12,0,6
BRDA:30,12,1,46
BRDA:56,13,0,0
BRDA:56,13,1,3
BRDA:60,14,0,5
BRDA:60,14,1,3
BRDA:62,15,0,0
BRDA:62,15,1,5
BRDA:66,16,0,0
BRDA:66,16,1,0
BRDA:66,16,2,0
BRDA:68,17,0,0
BRDA:68,17,1,5
BRDA:72,18,0,27
BRDA:72,18,1,25
BRDA:72,18,2,25
BRDA:75,19,0,3
BRDA:75,19,1,0
BRDA:79,20,0,21
BRDA:79,20,1,21
BRDA:80,21,0,0
BRDA:80,21,1,18
BRDA:81,22,0,3
BRDA:81,22,1,15
BRDA:82,23,0,15
BRDA:82,23,1,3
BRDA:87,24,0,1
BRDA:87,24,1,2
BRDA:89,25,0,1
BRDA:89,25,1,1
BRDA:91,26,0,1
BRDA:91,26,1,0
BRDA:105,27,0,5
BRDA:105,27,1,10
BRDA:112,28,0,7
BRDA:112,28,1,3
BRDA:113,29,0,7
BRDA:113,29,1,0
BRDA:113,30,0,7
BRDA:113,30,1,7
BRDA:113,30,2,7
BRDA:113,30,3,7
BRDA:116,31,0,1
BRDA:116,31,1,2
BRDA:117,32,0,1
BRDA:117,32,1,0
BRDA:117,33,0,1
BRDA:117,33,1,1
BRDA:120,34,0,1
BRDA:120,34,1,1
BRDA:121,35,0,1
BRDA:121,35,1,0
BRDA:123,36,0,0
BRDA:123,36,1,0
BRDA:123,37,0,0
BRDA:123,37,1,0
BRDA:126,38,0,1
BRDA:126,38,1,0
BRDA:127,39,0,1
BRDA:127,39,1,0
BRDA:129,40,0,1
BRDA:129,40,1,2
BRDA:134,41,0,0
BRDA:134,41,1,0
BRDA:136,42,0,0
BRDA:136,42,1,0
BRDA:139,43,0,0
BRDA:139,43,1,0
BRDA:139,44,0,0
BRDA:139,44,1,0
BRDA:139,44,2,0
BRDA:143,45,0,0
BRDA:143,45,1,0
BRDA:143,46,0,0
BRDA:143,46,1,0
BRDA:153,47,0,0
BRDA:153,47,1,0
BRDA:155,48,0,0
BRDA:155,48,1,0
BRDA:155,49,0,0
BRDA:155,49,1,0
BRDA:164,50,0,0
BRDA:164,50,1,3
BRDA:166,51,0,0
BRDA:166,51,1,3
BRDA:170,52,0,0
BRDA:170,52,1,0
BRDA:170,52,2,3
BRDA:170,52,3,0
BRDA:170,52,4,0
BRDA:170,52,5,0
BRDA:187,53,0,0
BRDA:187,53,1,5
BRDA:208,54,0,3
BRDA:208,54,1,118
BRDA:208,55,0,121
BRDA:208,55,1,118
BRDA:209,56,0,3
BRDA:209,56,1,115
BRDA:209,57,0,118
BRDA:209,57,1,115
BRDA:210,58,0,5
BRDA:210,58,1,110
BRDA:210,59,0,115
BRDA:210,59,1,5
BRDA:220,60,0,0
BRDA:220,60,1,14
BRDA:220,61,0,14
BRDA:220,61,1,14
BRDA:221,62,0,1
BRDA:221,62,1,13
BRDA:221,63,0,0
BRDA:221,63,1,1
BRDA:221,64,0,1
BRDA:221,64,1,0
BRDA:222,65,0,0
BRDA:222,65,1,13
BRDA:222,66,0,0
BRDA:222,66,1,0
BRDA:222,67,0,0
BRDA:222,67,1,0
BRDA:223,68,0,1
BRDA:223,68,1,12
BRDA:223,69,0,1
BRDA:223,69,1,0
BRDA:223,70,0,0
BRDA:223,70,1,0
BRDA:223,71,0,0
BRDA:223,71,1,0
BRDA:224,72,0,0
BRDA:224,72,1,12
BRDA:224,73,0,0
BRDA:224,73,1,0
BRDA:224,74,0,0
BRDA:224,74,1,0
BRDA:225,75,0,0
BRDA:225,75,1,12
BRDA:225,76,0,0
BRDA:225,76,1,0
BRDA:226,77,0,1
BRDA:226,77,1,11
BRDA:226,78,0,1
BRDA:226,78,1,0
BRDA:227,79,0,1
BRDA:227,79,1,10
BRDA:227,80,0,1
BRDA:227,80,1,0
BRDA:228,81,0,0
BRDA:228,81,1,10
BRDA:228,82,0,0
BRDA:228,82,1,0
BRDA:229,83,0,0
BRDA:229,83,1,10
BRDA:229,84,0,0
BRDA:229,84,1,0
BRDA:229,85,0,0
BRDA:229,85,1,0
BRDA:233,86,0,7
BRDA:233,86,1,3
BRDA:234,87,0,0
BRDA:234,87,1,7
BRDA:235,88,0,0
BRDA:235,88,1,7
BRDA:235,89,0,0
BRDA:235,89,1,0
BRDA:235,90,0,0
BRDA:235,90,1,0
BRDA:236,91,0,0
BRDA:236,91,1,7
BRDA:241,92,0,0
BRDA:241,92,1,3
BRDA:242,93,0,0
BRDA:242,93,1,0
BRDA:243,94,0,0
BRDA:243,94,1,0
BRDA:243,95,0,0
BRDA:243,95,1,0
BRDA:243,96,0,0
BRDA:243,96,1,0
BRDA:244,97,0,0
BRDA:244,97,1,0
BRDA:249,98,0,0
BRDA:249,98,1,3
BRDA:250,99,0,0
BRDA:250,99,1,0
BRDA:252,100,0,0
BRDA:252,100,1,0
BRDA:257,101,0,1
BRDA:257,101,1,2
BRDA:260,102,0,1
BRDA:260,102,1,0
BRDA:261,103,0,0
BRDA:261,103,1,0
BRDA:266,104,0,1
BRDA:266,104,1,1
BRDA:267,105,0,0
BRDA:267,105,1,1
BRDA:274,106,0,0
BRDA:274,106,1,1
BRDA:274,107,0,0
BRDA:274,107,1,0
BRDA:277,108,0,0
BRDA:277,108,1,1
BRDA:277,109,0,0
BRDA:277,109,1,0
BRDA:278,110,0,0
BRDA:278,110,1,1
BRDA:278,111,0,0
BRDA:278,111,1,0
BRDA:278,112,0,0
BRDA:278,112,1,0
BRDA:281,113,0,0
BRDA:281,113,1,1
BRDA:282,114,0,0
BRDA:282,114,1,0
BRDA:283,115,0,0
BRDA:283,115,1,0
BRDA:284,116,0,0
BRDA:284,116,1,0
BRDA:285,117,0,0
BRDA:285,117,1,0
BRDA:286,118,0,0
BRDA:286,118,1,0
BRF:246
BRH:120
end_of_record
TN:
SF:ui/tree.js
FN:7,(anonymous_0)
FN:25,(anonymous_1)
FN:31,(anonymous_2)
FN:76,(anonymous_3)
FN:83,(anonymous_4)
FN:84,(anonymous_5)
FN:90,(anonymous_6)
FN:101,(anonymous_7)
FN:108,(anonymous_8)
FN:113,(anonymous_9)
FN:129,(anonymous_10)
FN:179,(anonymous_11)
FN:197,(anonymous_12)
FN:235,(anonymous_13)
FN:273,(anonymous_14)
FN:287,(anonymous_15)
FN:300,(anonymous_16)
FN:312,(anonymous_17)
FN:319,(anonymous_18)
FN:328,(anonymous_19)
FN:333,(anonymous_20)
FN:338,(anonymous_21)
FN:343,(anonymous_22)
FN:349,(anonymous_23)
FN:354,(anonymous_24)
FN:376,(anonymous_25)
FN:388,(anonymous_26)
FN:393,(anonymous_27)
FN:395,(anonymous_28)
FN:406,(anonymous_29)
FN:423,(anonymous_30)
FN:429,(anonymous_31)
FN:430,(anonymous_32)
FN:435,inner_append
FN:440,(anonymous_34)
FN:454,(anonymous_35)
FN:464,(anonymous_36)
FN:470,(anonymous_37)
FN:484,(anonymous_38)
FN:489,(anonymous_39)
FN:495,(anonymous_40)
FN:496,(anonymous_41)
FN:497,(anonymous_42)
FN:501,(anonymous_43)
FN:503,(anonymous_44)
FN:508,(anonymous_45)
FN:510,(anonymous_46)
FN:517,(anonymous_47)
FN:519,(anonymous_48)
FN:525,(anonymous_49)
FN:526,(anonymous_50)
FN:535,(anonymous_51)
FN:536,(anonymous_52)
FN:542,(anonymous_53)
FN:546,(anonymous_54)
FN:551,(anonymous_55)
FNF:56
FNH:27
FNDA:12,(anonymous_0)
FNDA:17,(anonymous_1)
FNDA:86,(anonymous_2)
FNDA:93,(anonymous_3)
FNDA:12,(anonymous_4)
FNDA:0,(anonymous_5)
FNDA:12,(anonymous_6)
FNDA:18,(anonymous_7)
FNDA:0,(anonymous_8)
FNDA:0,(anonymous_9)
FNDA:133,(anonymous_10)
FNDA:2,(anonymous_11)
FNDA:0,(anonymous_12)
FNDA:0,(anonymous_13)
FNDA:0,(anonymous_14)
FNDA:0,(anonymous_15)
FNDA:0,(anonymous_16)
FNDA:51,(anonymous_17)
FNDA:2,(anonymous_18)
FNDA:1,(anonymous_19)
FNDA:1,(anonymous_20)
FNDA:2,(anonymous_21)
FNDA:7,(anonymous_22)
FNDA:6,(anonymous_23)
FNDA:0,(anonymous_24)
FNDA:0,(anonymous_25)
FNDA:0,(anonymous_26)
FNDA:0,(anonymous_27)
FNDA:0,(anonymous_28)
FNDA:0,(anonymous_29)
FNDA:0,(anonymous_30)
FNDA:0,(anonymous_31)
FNDA:0,(anonymous_32)
FNDA:0,inner_append
FNDA:0,(anonymous_34)
FNDA:0,(anonymous_35)
FNDA:0,(anonymous_36)
FNDA:0,(anonymous_37)
FNDA:2,(anonymous_38)
FNDA:0,(anonymous_39)
FNDA:1,(anonymous_40)
FNDA:1,(anonymous_41)
FNDA:10,(anonymous_42)
FNDA:0,(anonymous_43)
FNDA:0,(anonymous_44)
FNDA:1,(anonymous_45)
FNDA:10,(anonymous_46)
FNDA:0,(anonymous_47)
FNDA:0,(anonymous_48)
FNDA:0,(anonymous_49)
FNDA:0,(anonymous_50)
FNDA:2,(anonymous_51)
FNDA:13,(anonymous_52)
FNDA:5,(anonymous_53)
FNDA:38,(anonymous_54)
FNDA:7,(anonymous_55)
DA:3,2
DA:4,2
DA:8,12
DA:9,12
DA:10,12
DA:11,12
DA:12,12
DA:13,12
DA:14,12
DA:15,12
DA:16,12
DA:17,12
DA:19,12
DA:20,12
DA:21,12
DA:26,17
DA:27,17
DA:28,17
DA:32,86
DA:33,86
DA:34,86
DA:36,86
DA:37,86
DA:38,86
DA:40,86
DA:41,39
DA:42,11
DA:43,11
DA:45,28
DA:46,28
DA:47,28
DA:51,86
DA:52,86
DA:53,86
DA:55,86
DA:56,37
DA:57,10
DA:58,20
DA:59,20
DA:60,20
DA:61,20
DA:64,27
DA:65,49
DA:66,49
DA:67,49
DA:68,49
DA:69,49
DA:72,37
DA:77,93
DA:78,93
DA:79,81
DA:84,12
DA:85,0
DA:86,0
DA:91,12
DA:94,12
DA:95,12
DA:96,12
DA:98,12
DA:102,18
DA:103,18
DA:104,18
DA:107,18
DA:108,18
DA:109,0
DA:110,0
DA:113,18
DA:115,18
DA:116,133
DA:117,133
DA:118,133
DA:119,133
DA:120,133
DA:121,133
DA:122,133
DA:123,133
DA:124,133
DA:130,133
DA:131,133
DA:132,133
DA:133,133
DA:135,133
DA:136,133
DA:137,133
DA:138,133
DA:141,133
DA:142,133
DA:143,133
DA:144,133
DA:145,132
DA:146,132
DA:147,132
DA:149,133
DA:151,133
DA:152,40
DA:153,40
DA:154,40
DA:155,40
DA:157,40
DA:158,40
DA:159,40
DA:160,40
DA:161,40
DA:162,40
DA:163,40
DA:164,11
DA:165,11
DA:166,11
DA:167,11
DA:169,40
DA:170,40
DA:174,93
DA:175,93
DA:176,93
DA:177,42
DA:178,42
DA:179,42
DA:181,51
DA:182,51
DA:184,93
DA:187,93
DA:188,93
DA:191,93
DA:192,75
DA:193,75
DA:194,75
DA:195,75
DA:196,75
DA:197,75
DA:198,75
DA:200,75
DA:201,75
DA:202,75
DA:203,75
DA:207,93
DA:208,42
DA:209,42
DA:210,42
DA:211,42
DA:212,0
DA:213,42
DA:214,2
DA:215,2
DA:216,2
DA:217,2
DA:218,2
DA:219,2
DA:220,2
DA:221,2
DA:222,2
DA:223,2
DA:224,2
DA:226,40
DA:227,40
DA:229,42
DA:231,51
DA:232,51
DA:233,51
DA:234,51
DA:235,51
DA:236,51
DA:239,51
DA:240,51
DA:241,1
DA:242,1
DA:243,1
DA:244,1
DA:245,1
DA:246,1
DA:247,1
DA:248,1
DA:253,93
DA:254,51
DA:255,23
DA:256,23
DA:257,23
DA:258,23
DA:262,93
DA:265,93
DA:266,93
DA:269,93
DA:270,93
DA:271,93
DA:272,93
DA:273,93
DA:274,0
DA:275,0
DA:276,0
DA:277,0
DA:279,93
DA:282,93
DA:283,42
DA:284,42
DA:285,42
DA:286,42
DA:287,42
DA:288,0
DA:289,0
DA:291,42
DA:295,93
DA:296,75
DA:297,75
DA:298,75
DA:299,75
DA:300,75
DA:301,0
DA:302,0
DA:303,0
DA:305,75
DA:308,93
DA:309,93
DA:313,51
DA:314,51
DA:315,51
DA:320,2
DA:321,1
DA:323,1
DA:325,2
DA:329,1
DA:330,1
DA:334,1
DA:335,1
DA:339,2
DA:340,1
DA:341,1
DA:343,1
DA:344,7
DA:345,7
DA:346,3
DA:347,3
DA:348,3
DA:349,6
DA:351,1
DA:355,0
DA:356,0
DA:357,0
DA:358,0
DA:359,0
DA:361,0
DA:362,0
DA:363,0
DA:364,0
DA:365,0
DA:366,0
DA:367,0
DA:368,0
DA:372,0
DA:377,0
DA:378,0
DA:380,0
DA:381,0
DA:382,0
DA:383,0
DA:386,0
DA:387,0
DA:388,0
DA:389,0
DA:390,0
DA:391,0
DA:392,0
DA:393,0
DA:394,0
DA:395,0
DA:396,0
DA:398,0
DA:401,0
DA:402,0
DA:403,0
DA:404,0
DA:406,0
DA:407,0
DA:408,0
DA:410,0
DA:411,0
DA:412,0
DA:413,0
DA:414,0
DA:415,0
DA:416,0
DA:417,0
DA:418,0
DA:419,0
DA:420,0
DA:423,0
DA:424,0
DA:425,0
DA:426,0
DA:429,0
DA:430,0
DA:431,0
DA:432,0
DA:436,0
DA:441,0
DA:442,0
DA:443,0
DA:445,0
DA:446,0
DA:447,0
DA:448,0
DA:449,0
DA:450,0
DA:451,0
DA:452,0
DA:454,0
DA:455,0
DA:456,0
DA:457,0
DA:459,0
DA:460,0
DA:463,0
DA:464,0
DA:465,0
DA:466,0
DA:471,0
DA:472,0
DA:473,0
DA:474,0
DA:475,0
DA:477,0
DA:479,0
DA:480,0
DA:485,2
DA:486,2
DA:490,0
DA:491,0
DA:496,1
DA:497,10
DA:498,1
DA:502,0
DA:503,0
DA:504,0
DA:509,1
DA:510,1
DA:511,10
DA:512,10
DA:513,10
DA:518,0
DA:519,0
DA:520,0
DA:526,0
DA:527,0
DA:528,0
DA:529,0
DA:530,0
DA:531,0
DA:536,2
DA:537,13
DA:538,13
DA:543,5
DA:544,5
DA:546,38
DA:547,5
DA:548,5
DA:551,7
LF:354
LH:238
BRDA:7,0,0,7
BRDA:27,1,0,0
BRDA:27,1,1,17
BRDA:27,2,0,17
BRDA:27,2,1,17
BRDA:34,3,0,86
BRDA:34,3,1,58
BRDA:40,4,0,39
BRDA:40,4,1,47
BRDA:41,5,0,11
BRDA:41,5,1,28
BRDA:51,6,0,69
BRDA:51,6,1,17
BRDA:55,7,0,37
BRDA:55,7,1,49
BRDA:55,8,0,86
BRDA:55,8,1,39
BRDA:55,8,2,37
BRDA:56,9,0,10
BRDA:56,9,1,27
BRDA:59,10,0,20
BRDA:59,10,1,0
BRDA:67,11,0,11
BRDA:67,11,1,38
BRDA:77,12,0,0
BRDA:77,12,1,93
BRDA:78,13,0,12
BRDA:78,13,1,81
BRDA:102,14,0,18
BRDA:102,14,1,18
BRDA:110,15,0,0
BRDA:110,15,1,0
BRDA:110,16,0,0
BRDA:110,16,1,0
BRDA:116,17,0,0
BRDA:116,17,1,133
BRDA:118,18,0,0
BRDA:118,18,1,133
BRDA:136,19,0,0
BRDA:136,19,1,133
BRDA:137,20,0,0
BRDA:137,20,1,133
BRDA:138,21,0,1
BRDA:138,21,1,132
BRDA:151,22,0,40
BRDA:151,22,1,93
BRDA:161,23,0,11
BRDA:161,23,1,29
BRDA:163,24,0,11
BRDA:163,24,1,29
BRDA:176,25,0,42
BRDA:176,25,1,51
BRDA:176,26,0,93
BRDA:176,26,1,42
BRDA:178,27,0,2
BRDA:178,27,1,40
BRDA:191,28,0,75
BRDA:191,28,1,18
BRDA:195,29,0,22
BRDA:195,29,1,53
BRDA:207,30,0,42
BRDA:207,30,1,51
BRDA:211,31,0,0
BRDA:211,31,1,42
BRDA:212,32,0,0
BRDA:212,32,1,0
BRDA:213,33,0,2
BRDA:213,33,1,40
BRDA:214,34,0,1
BRDA:214,34,1,1
BRDA:215,35,0,1
BRDA:215,35,1,1
BRDA:218,36,0,1
BRDA:218,36,1,1
BRDA:218,37,0,2
BRDA:218,37,1,0
BRDA:221,38,0,1
BRDA:221,38,1,1
BRDA:226,39,0,11
BRDA:226,39,1,29
BRDA:229,40,0,0
BRDA:229,40,1,42
BRDA:240,41,0,1
BRDA:240,41,1,50
BRDA:253,42,0,51
BRDA:253,42,1,42
BRDA:253,43,0,93
BRDA:253,43,1,42
BRDA:254,44,0,23
BRDA:254,44,1,28
BRDA:275,45,0,0
BRDA:275,45,1,0
BRDA:277,46,0,0
BRDA:277,46,1,0
BRDA:282,47,0,42
BRDA:282,47,1,51
BRDA:295,48,0,75
BRDA:295,48,1,18
BRDA:313,49,0,0
BRDA:313,49,1,51
BRDA:314,50,0,0
BRDA:314,50,1,51
BRDA:320,51,0,1
BRDA:320,51,1,1
BRDA:339,52,0,1
BRDA:339,52,1,1
BRDA:345,53,0,4
BRDA:345,53,1,3
BRDA:345,54,0,7
BRDA:345,54,1,5
BRDA:348,55,0,1
BRDA:348,55,1,2
BRDA:351,56,0,1
BRDA:351,56,1,0
BRDA:357,57,0,0
BRDA:357,57,1,0
BRDA:357,58,0,0
BRDA:357,58,1,0
BRDA:362,59,0,0
BRDA:362,59,1,0
BRDA:362,60,0,0
BRDA:362,60,1,0
BRDA:363,61,0,0
BRDA:363,61,1,0
BRDA:363,62,0,0
BRDA:363,62,1,0
BRDA:363,62,2,0
BRDA:367,63,0,0
BRDA:367,63,1,0
BRDA:377,64,0,0
BRDA:377,64,1,0
BRDA:382,65,0,0
BRDA:382,65,1,0
BRDA:390,66,0,0
BRDA:390,66,1,0
BRDA:407,67,0,0
BRDA:407,67,1,0
BRDA:411,68,0,0
BRDA:411,68,1,0
BRDA:412,69,0,0
BRDA:412,69,1,0
BRDA:413,70,0,0
BRDA:413,70,1,0
BRDA:413,71,0,0
BRDA:413,71,1,0
BRDA:414,72,0,0
BRDA:414,72,1,0
BRDA:431,73,0,0
BRDA:431,73,1,0
BRDA:432,74,0,0
BRDA:432,74,1,0
BRDA:436,75,0,0
BRDA:436,75,1,0
BRDA:441,76,0,0
BRDA:441,76,1,0
BRDA:442,77,0,0
BRDA:442,77,1,0
BRDA:456,78,0,0
BRDA:456,78,1,0
BRDA:456,79,0,0
BRDA:456,79,1,0
BRDA:465,80,0,0
BRDA:465,80,1,0
BRDA:466,81,0,0
BRDA:466,81,1,0
BRDA:472,82,0,0
BRDA:472,82,1,0
BRDA:474,83,0,0
BRDA:474,83,1,0
BRDA:513,84,0,3
BRDA:513,84,1,7
BRDA:526,85,0,0
BRDA:526,85,1,0
BRDA:527,86,0,0
BRDA:527,86,1,0
BRDA:530,87,0,0
BRDA:530,87,1,0
BRDA:530,88,0,0
BRDA:530,88,1,0
BRDA:548,89,0,0
BRDA:548,89,1,5
BRF:181
BRH:94
end_of_record
TN:
SF:ui/validator.js
FN:3,validate
FN:6,(anonymous_1)
FN:13,validateNode
FN:35,(anonymous_3)
FN:36,(anonymous_4)
FN:87,(anonymous_5)
FN:93,(anonymous_6)
FN:97,(anonymous_7)
FN:140,(anonymous_8)
FN:148,(anonymous_9)
FN:170,getType
FN:177,deepEqual
FN:181,resolveRef
FN:192,checkFormat
FNF:14
FNH:13
FNDA:42,validate
FNDA:20,(anonymous_1)
FNDA:76,validateNode
FNDA:9,(anonymous_3)
FNDA:3,(anonymous_4)
FNDA:6,(anonymous_5)
FNDA:4,(anonymous_6)
FNDA:6,(anonymous_7)
FNDA:5,(anonymous_8)
FNDA:0,(anonymous_9)
FNDA:100,getType
FNDA:14,deepEqual
FNDA:3,resolveRef
FNDA:2,checkFormat
DA:4,42
DA:5,42
DA:6,42
DA:14,76
DA:17,76
DA:18,3
DA:19,3
DA:20,3
DA:24,73
DA:25,34
DA:26,34
DA:27,34
DA:28,7
DA:29,7
DA:34,66
DA:35,9
DA:36,4
DA:40,66
DA:41,2
DA:44,66
DA:47,66
DA:48,17
DA:49,1
DA:50,17
DA:51,1
DA:52,17
DA:53,4
DA:54,4
DA:55,1
DA:58,17
DA:59,2
DA:60,2
DA:65,66
DA:66,26
DA:67,2
DA:68,26
DA:69,1
DA:70,26
DA:71,1
DA:72,26
DA:73,0
DA:74,26
DA:75,1
DA:76,26
DA:77,0
DA:81,66
DA:82,7
DA:83,1
DA:84,7
DA:85,0
DA:86,7
DA:87,6
DA:88,4
DA:89,1
DA:91,7
DA:92,6
DA:93,2
DA:94,4
DA:97,6
DA:103,66
DA:104,14
DA:105,3
DA:106,3
DA:109,14
DA:110,0
DA:111,14
DA:112,0
DA:114,14
DA:115,9
DA:116,12
DA:119,14
DA:120,3
DA:121,3
DA:122,5
DA:125,14
DA:126,0
DA:127,0
DA:128,0
DA:129,0
DA:136,66
DA:137,0
DA:139,66
DA:140,3
DA:141,5
DA:142,5
DA:143,5
DA:145,3
DA:147,66
DA:148,0
DA:149,0
DA:150,0
DA:151,0
DA:153,0
DA:155,66
DA:156,0
DA:157,0
DA:158,0
DA:162,66
DA:163,3
DA:164,3
DA:165,3
DA:166,3
DA:171,100
DA:172,98
DA:173,90
DA:174,47
DA:178,14
DA:182,3
DA:183,3
DA:184,3
DA:185,3
DA:186,6
DA:187,6
DA:189,3
DA:193,2
DA:202,2
DA:203,2
DA:204,1
LF:118
LH:100
BRDA:8,0,0,5
BRDA:8,0,1,15
BRDA:14,1,0,0
BRDA:14,1,1,76
BRDA:14,2,0,76
BRDA:14,2,1,76
BRDA:17,3,0,3
BRDA:17,3,1,73
BRDA:19,4,0,3
BRDA:19,4,1,0
BRDA:24,5,0,34
BRDA:24,5,1,39
BRDA:25,6,0,0
BRDA:25,6,1,34
BRDA:27,7,0,7
BRDA:27,7,1,27
BRDA:34,8,0,4
BRDA:34,8,1,62
BRDA:36,9,0,1
BRDA:36,9,1,3
BRDA:40,10,0,2
BRDA:40,10,1,64
BRDA:40,11,0,66
BRDA:40,11,1,5
BRDA:47,12,0,17
BRDA:47,12,1,49
BRDA:48,13,0,1
BRDA:48,13,1,16
BRDA:48,14,0,17
BRDA:48,14,1,4
BRDA:50,15,0,1
BRDA:50,15,1,16
BRDA:50,16,0,17
BRDA:50,16,1,4
BRDA:52,17,0,4
BRDA:52,17,1,13
BRDA:54,18,0,1
BRDA:54,18,1,3
BRDA:58,19,0,2
BRDA:58,19,1,15
BRDA:60,20,0,1
BRDA:60,20,1,1
BRDA:65,21,0,26
BRDA:65,21,1,40
BRDA:65,22,0,66
BRDA:65,22,1,65
BRDA:66,23,0,2
BRDA:66,23,1,24
BRDA:66,24,0,26
BRDA:66,24,1,6
BRDA:68,25,0,1
BRDA:68,25,1,25
BRDA:68,26,0,26
BRDA:68,26,1,4
BRDA:70,27,0,1
BRDA:70,27,1,25
BRDA:70,28,0,26
BRDA:70,28,1,2
BRDA:72,29,0,0
BRDA:72,29,1,26
BRDA:72,30,0,26
BRDA:72,30,1,0
BRDA:74,31,0,1
BRDA:74,31,1,25
BRDA:74,32,0,26
BRDA:74,32,1,4
BRDA:76,33,0,0
BRDA:76,33,1,26
BRDA:76,34,0,26
BRDA:76,34,1,25
BRDA:81,35,0,7
BRDA:81,35,1,59
BRDA:82,36,0,1
BRDA:82,36,1,6
BRDA:82,37,0,7
BRDA:82,37,1,4
BRDA:84,38,0,0
BRDA:84,38,1,7
BRDA:84,39,0,7
BRDA:84,39,1,0
BRDA:86,40,0,4
BRDA:86,40,1,3
BRDA:88,41,0,1
BRDA:88,41,1,3
BRDA:91,42,0,6
BRDA:91,42,1,1
BRDA:92,43,0,2
BRDA:92,43,1,4
BRDA:94,44,0,4
BRDA:94,44,1,0
BRDA:103,45,0,14
BRDA:103,45,1,52
BRDA:104,46,0,3
BRDA:104,46,1,11
BRDA:106,47,0,1
BRDA:106,47,1,2
BRDA:109,48,0,0
BRDA:109,48,1,14
BRDA:109,49,0,14
BRDA:109,49,1,0
BRDA:111,50,0,0
BRDA:111,50,1,14
BRDA:111,51,0,14
BRDA:111,51,1,0
BRDA:114,52,0,9
BRDA:114,52,1,5
BRDA:116,53,0,10
BRDA:116,53,1,2
BRDA:119,54,0,3
BRDA:119,54,1,11
BRDA:120,55,0,3
BRDA:120,55,1,0
BRDA:122,56,0,1
BRDA:122,56,1,4
BRDA:125,57,0,0
BRDA:125,57,1,14
BRDA:129,58,0,0
BRDA:129,58,1,0
BRDA:136,59,0,0
BRDA:136,59,1,66
BRDA:139,60,0,3
BRDA:139,60,1,63
BRDA:145,61,0,1
BRDA:145,61,1,2
BRDA:147,62,0,0
BRDA:147,62,1,66
BRDA:153,63,0,0
BRDA:153,63,1,0
BRDA:155,64,0,0
BRDA:155,64,1,66
BRDA:158,65,0,0
BRDA:158,65,1,0
BRDA:162,66,0,3
BRDA:162,66,1,63
BRDA:165,67,0,2
BRDA:165,67,1,1
BRDA:165,68,0,3
BRDA:165,68,1,2
BRDA:166,69,0,1
BRDA:166,69,1,2
BRDA:166,70,0,3
BRDA:166,70,1,1
BRDA:171,71,0,2
BRDA:171,71,1,98
BRDA:172,72,0,8
BRDA:172,72,1,90
BRDA:173,73,0,43
BRDA:173,73,1,47
BRDA:173,74,0,41
BRDA:173,74,1,2
BRDA:182,75,0,0
BRDA:182,75,1,3
BRDA:186,76,0,0
BRDA:186,76,1,6
BRDA:186,77,0,6
BRDA:186,77,1,6
BRDA:203,78,0,1
BRDA:203,78,1,1
BRDA:203,79,0,2
BRDA:203,79,1,2
BRF:160
BRH:134
end_of_record
